#
# There is insufficient memory for the Java Runtime Environment to continue.
# Native memory allocation (malloc) failed to allocate 503904 bytes. Error detail: Chunk::new
# Possible reasons:
#   The system is out of physical RAM or swap space
#   This process is running with CompressedOops enabled, and the Java Heap may be blocking the growth of the native heap
# Possible solutions:
#   Reduce memory load on the system
#   Increase physical memory or swap space
#   Check if swap backing store is full
#   Decrease Java heap size (-Xmx/-Xms)
#   Decrease number of Java threads
#   Decrease Java thread stack sizes (-Xss)
#   Set larger code cache with -XX:ReservedCodeCacheSize=
#   JVM is running with Zero Based Compressed Oops mode in which the Java heap is
#     placed in the first 32GB address space. The Java Heap base address is the
#     maximum limit for the native heap growth. Please use -XX:HeapBaseMinAddress
#     to set the Java Heap base and to place the Java Heap above 32GB virtual address.
# This output file may be truncated or incomplete.
#
#  Out of Memory Error (arena.cpp:168), pid=31492, tid=9708
#
# JRE version: OpenJDK Runtime Environment Microsoft-11369940 (21.0.7+6) (build 21.0.7+6-LTS)
# Java VM: OpenJDK 64-Bit Server VM Microsoft-11369940 (21.0.7+6-LTS, mixed mode, sharing, tiered, compressed oops, compressed class ptrs, g1 gc, windows-amd64)
# No core dump will be written. Minidumps are not enabled by default on client versions of Windows
#

---------------  S U M M A R Y ------------

Command Line: C:\Users\shres\AppData\Local\Temp\surefire10117830997468266485\surefirebooter-20250713145339216_3.jar C:\Users\shres\AppData\Local\Temp\surefire10117830997468266485 2025-07-13T14-53-38_901-jvmRun1 surefire-20250713145339216_1tmp surefire_0-20250713145339216_2tmp

Host: Intel(R) Core(TM) i7-1065G7 CPU @ 1.30GHz, 8 cores, 15G,  Windows 11 , 64 bit Build 26100 (10.0.26100.4484)
Time: Sun Jul 13 14:53:41 2025 Nepal Standard Time elapsed time: 1.466496 seconds (0d 0h 0m 1s)

---------------  T H R E A D  ---------------

Current thread (0x000001c5a493f8e0):  JavaThread "C2 CompilerThread0" daemon [_thread_in_native, id=9708, stack(0x0000005faae00000,0x0000005faaf00000) (1024K)]


Current CompileTask:
C2:1466 1680       4       jdk.internal.loader.URLClassPath::getResource (74 bytes)

Stack: [0x0000005faae00000,0x0000005faaf00000]
Native frames: (J=compiled Java code, j=interpreted, Vv=VM code, C=native code)
V  [jvm.dll+0x6d4bb9]
V  [jvm.dll+0x8afa11]
V  [jvm.dll+0x8b1f3e]
V  [jvm.dll+0x8b2623]
V  [jvm.dll+0x280816]
V  [jvm.dll+0xc52bd]
V  [jvm.dll+0xc57f3]
V  [jvm.dll+0x3bbd5c]
V  [jvm.dll+0x1e0435]
V  [jvm.dll+0x248573]
V  [jvm.dll+0x2479df]
V  [jvm.dll+0x1c7aaf]
V  [jvm.dll+0x257819]
V  [jvm.dll+0x255bca]
V  [jvm.dll+0x3f5af6]
V  [jvm.dll+0x85916b]
V  [jvm.dll+0x6d327d]
C  [ucrtbase.dll+0x37b0]
C  [KERNEL32.DLL+0x2e8d7]
C  [ntdll.dll+0x3c34c]


---------------  P R O C E S S  ---------------

Threads class SMR info:
_java_thread_list=0x000001c5a4b39eb0, length=14, elements={
0x000001c583162bc0, 0x000001c5a4925fb0, 0x000001c5a4926a00, 0x000001c5a4928a50,
0x000001c5a4929850, 0x000001c5a492c3e0, 0x000001c5a492e240, 0x000001c5a493f8e0,
0x000001c5a49404a0, 0x000001c5a4a8ce60, 0x000001c5a4a8d680, 0x000001c5a4b74470,
0x000001c5ea288460, 0x000001c5a4b9d1d0
}

Java Threads: ( => current thread )
  0x000001c583162bc0 JavaThread "main"                              [_thread_in_vm, id=7656, stack(0x0000005faa000000,0x0000005faa100000) (1024K)]
  0x000001c5a4925fb0 JavaThread "Reference Handler"          daemon [_thread_blocked, id=33948, stack(0x0000005faa800000,0x0000005faa900000) (1024K)]
  0x000001c5a4926a00 JavaThread "Finalizer"                  daemon [_thread_blocked, id=36252, stack(0x0000005faa900000,0x0000005faaa00000) (1024K)]
  0x000001c5a4928a50 JavaThread "Signal Dispatcher"          daemon [_thread_blocked, id=30932, stack(0x0000005faaa00000,0x0000005faab00000) (1024K)]
  0x000001c5a4929850 JavaThread "Attach Listener"            daemon [_thread_blocked, id=33192, stack(0x0000005faab00000,0x0000005faac00000) (1024K)]
  0x000001c5a492c3e0 JavaThread "Service Thread"             daemon [_thread_blocked, id=31136, stack(0x0000005faac00000,0x0000005faad00000) (1024K)]
  0x000001c5a492e240 JavaThread "Monitor Deflation Thread"   daemon [_thread_blocked, id=5236, stack(0x0000005faad00000,0x0000005faae00000) (1024K)]
=>0x000001c5a493f8e0 JavaThread "C2 CompilerThread0"         daemon [_thread_in_native, id=9708, stack(0x0000005faae00000,0x0000005faaf00000) (1024K)]
  0x000001c5a49404a0 JavaThread "C1 CompilerThread0"         daemon [_thread_in_vm, id=28100, stack(0x0000005faaf00000,0x0000005fab000000) (1024K)]
  0x000001c5a4a8ce60 JavaThread "Notification Thread"        daemon [_thread_blocked, id=28344, stack(0x0000005fab000000,0x0000005fab100000) (1024K)]
  0x000001c5a4a8d680 JavaThread "Common-Cleaner"             daemon [_thread_blocked, id=23736, stack(0x0000005fab100000,0x0000005fab200000) (1024K)]
  0x000001c5a4b74470 JavaThread "C2 CompilerThread1"         daemon [_thread_in_native, id=22520, stack(0x0000005fab200000,0x0000005fab300000) (1024K)]
  0x000001c5ea288460 JavaThread "surefire-forkedjvm-stream-flusher" daemon [_thread_blocked, id=29976, stack(0x0000005fab300000,0x0000005fab400000) (1024K)]
  0x000001c5a4b9d1d0 JavaThread "surefire-forkedjvm-command-thread" daemon [_thread_in_native, id=31220, stack(0x0000005fab400000,0x0000005fab500000) (1024K)]
Total: 14

Other Threads:
  0x000001c5a490a530 VMThread "VM Thread"                           [id=36080, stack(0x0000005faa700000,0x0000005faa800000) (1024K)]
  0x000001c5a48f8270 WatcherThread "VM Periodic Task Thread"        [id=18616, stack(0x0000005faa600000,0x0000005faa700000) (1024K)]
  0x000001c5855ef6f0 WorkerThread "GC Thread#0"                     [id=32368, stack(0x0000005faa100000,0x0000005faa200000) (1024K)]
  0x000001c5ea7fe730 WorkerThread "GC Thread#1"                     [id=29764, stack(0x0000005fab500000,0x0000005fab600000) (1024K)]
  0x000001c5ea7fead0 WorkerThread "GC Thread#2"                     [id=36312, stack(0x0000005fab600000,0x0000005fab700000) (1024K)]
  0x000001c5ea7fb540 WorkerThread "GC Thread#3"                     [id=17052, stack(0x0000005fab700000,0x0000005fab800000) (1024K)]
  0x000001c5ea7fb8e0 WorkerThread "GC Thread#4"                     [id=32712, stack(0x0000005fab800000,0x0000005fab900000) (1024K)]
  0x000001c5ea7fbc80 WorkerThread "GC Thread#5"                     [id=36576, stack(0x0000005fab900000,0x0000005faba00000) (1024K)]
  0x000001c5ea88deb0 WorkerThread "GC Thread#6"                     [id=11460, stack(0x0000005faba00000,0x0000005fabb00000) (1024K)]
  0x000001c5ea88e250 WorkerThread "GC Thread#7"                     [id=32172, stack(0x0000005fabb00000,0x0000005fabc00000) (1024K)]
  0x000001c585600a70 ConcurrentGCThread "G1 Main Marker"            [id=7484, stack(0x0000005faa200000,0x0000005faa300000) (1024K)]
  0x000001c5856031b0 WorkerThread "G1 Conc#0"                       [id=22388, stack(0x0000005faa300000,0x0000005faa400000) (1024K)]
  0x000001c5a47c41d0 ConcurrentGCThread "G1 Refine#0"               [id=12364, stack(0x0000005faa400000,0x0000005faa500000) (1024K)]
  0x000001c5a47c49f0 ConcurrentGCThread "G1 Service"                [id=35656, stack(0x0000005faa500000,0x0000005faa600000) (1024K)]
Total: 14

Threads with active compile tasks:
C2 CompilerThread0  1495 1680       4       jdk.internal.loader.URLClassPath::getResource (74 bytes)
C1 CompilerThread0  1495 1714   !   3       java.lang.invoke.InnerClassLambdaMetafactory::buildCallSite (150 bytes)
C2 CompilerThread1  1495 1651       4       java.lang.invoke.MethodType::methodType (69 bytes)
Total: 3

VM state: not at safepoint (normal execution)

VM Mutex/Monitor currently owned by a thread: None

Heap address: 0x0000000703800000, size: 4040 MB, Compressed Oops mode: Zero based, Oop shift amount: 3

CDS archive(s) mapped at: [0x000001c5a5000000-0x000001c5a5c80000-0x000001c5a5c80000), size 13107200, SharedBaseAddress: 0x000001c5a5000000, ArchiveRelocationMode: 1.
Compressed class space mapped at: 0x000001c5a6000000-0x000001c5e6000000, reserved size: 1073741824
Narrow klass base: 0x000001c5a5000000, Narrow klass shift: 0, Narrow klass range: 0x100000000

GC Precious Log:
 CardTable entry size: 512
 Card Set container configuration: InlinePtr #cards 4 size 8 Array Of Cards #cards 16 size 48 Howl #buckets 8 coarsen threshold 3686 Howl Bitmap #cards 512 size 80 coarsen threshold 460 Card regions per heap region 1 cards per card region 4096
 CPUs: 8 total, 8 available
 Memory: 16152M
 Large Page Support: Disabled
 NUMA Support: Disabled
 Compressed Oops: Enabled (Zero based)
 Heap Region Size: 2M
 Heap Min Capacity: 8M
 Heap Initial Capacity: 254M
 Heap Max Capacity: 4040M
 Pre-touch: Disabled
 Parallel Workers: 8
 Concurrent Workers: 2
 Concurrent Refinement Workers: 8
 Periodic GC: Disabled

Heap:
 garbage-first heap   total 260096K, used 29151K [0x0000000703800000, 0x0000000800000000)
  region size 2048K, 14 young (28672K), 2 survivors (4096K)
 Metaspace       used 11349K, committed 11648K, reserved 1114112K
  class space    used 1391K, committed 1536K, reserved 1048576K

Heap Regions: E=young(eden), S=young(survivor), O=old, HS=humongous(starts), HC=humongous(continues), CS=collection set, F=free, TAMS=top-at-mark-start, PB=parsable bottom
|   0|0x0000000703800000, 0x0000000703a00000, 0x0000000703a00000|100%| O|  |TAMS 0x0000000703800000| PB 0x0000000703800000| Untracked 
|   1|0x0000000703a00000, 0x0000000703a77f88, 0x0000000703c00000| 23%| O|  |TAMS 0x0000000703a00000| PB 0x0000000703a00000| Untracked 
|   2|0x0000000703c00000, 0x0000000703c00000, 0x0000000703e00000|  0%| F|  |TAMS 0x0000000703c00000| PB 0x0000000703c00000| Untracked 
|   3|0x0000000703e00000, 0x0000000703e00000, 0x0000000704000000|  0%| F|  |TAMS 0x0000000703e00000| PB 0x0000000703e00000| Untracked 
|   4|0x0000000704000000, 0x0000000704000000, 0x0000000704200000|  0%| F|  |TAMS 0x0000000704000000| PB 0x0000000704000000| Untracked 
|   5|0x0000000704200000, 0x0000000704200000, 0x0000000704400000|  0%| F|  |TAMS 0x0000000704200000| PB 0x0000000704200000| Untracked 
|   6|0x0000000704400000, 0x0000000704400000, 0x0000000704600000|  0%| F|  |TAMS 0x0000000704400000| PB 0x0000000704400000| Untracked 
|   7|0x0000000704600000, 0x0000000704600000, 0x0000000704800000|  0%| F|  |TAMS 0x0000000704600000| PB 0x0000000704600000| Untracked 
|   8|0x0000000704800000, 0x0000000704800000, 0x0000000704a00000|  0%| F|  |TAMS 0x0000000704800000| PB 0x0000000704800000| Untracked 
|   9|0x0000000704a00000, 0x0000000704a00000, 0x0000000704c00000|  0%| F|  |TAMS 0x0000000704a00000| PB 0x0000000704a00000| Untracked 
|  10|0x0000000704c00000, 0x0000000704c00000, 0x0000000704e00000|  0%| F|  |TAMS 0x0000000704c00000| PB 0x0000000704c00000| Untracked 
|  11|0x0000000704e00000, 0x0000000704e00000, 0x0000000705000000|  0%| F|  |TAMS 0x0000000704e00000| PB 0x0000000704e00000| Untracked 
|  12|0x0000000705000000, 0x0000000705000000, 0x0000000705200000|  0%| F|  |TAMS 0x0000000705000000| PB 0x0000000705000000| Untracked 
|  13|0x0000000705200000, 0x0000000705200000, 0x0000000705400000|  0%| F|  |TAMS 0x0000000705200000| PB 0x0000000705200000| Untracked 
|  14|0x0000000705400000, 0x0000000705400000, 0x0000000705600000|  0%| F|  |TAMS 0x0000000705400000| PB 0x0000000705400000| Untracked 
|  15|0x0000000705600000, 0x0000000705600000, 0x0000000705800000|  0%| F|  |TAMS 0x0000000705600000| PB 0x0000000705600000| Untracked 
|  16|0x0000000705800000, 0x0000000705800000, 0x0000000705a00000|  0%| F|  |TAMS 0x0000000705800000| PB 0x0000000705800000| Untracked 
|  17|0x0000000705a00000, 0x0000000705a00000, 0x0000000705c00000|  0%| F|  |TAMS 0x0000000705a00000| PB 0x0000000705a00000| Untracked 
|  18|0x0000000705c00000, 0x0000000705c00000, 0x0000000705e00000|  0%| F|  |TAMS 0x0000000705c00000| PB 0x0000000705c00000| Untracked 
|  19|0x0000000705e00000, 0x0000000705e00000, 0x0000000706000000|  0%| F|  |TAMS 0x0000000705e00000| PB 0x0000000705e00000| Untracked 
|  20|0x0000000706000000, 0x0000000706000000, 0x0000000706200000|  0%| F|  |TAMS 0x0000000706000000| PB 0x0000000706000000| Untracked 
|  21|0x0000000706200000, 0x0000000706200000, 0x0000000706400000|  0%| F|  |TAMS 0x0000000706200000| PB 0x0000000706200000| Untracked 
|  22|0x0000000706400000, 0x0000000706400000, 0x0000000706600000|  0%| F|  |TAMS 0x0000000706400000| PB 0x0000000706400000| Untracked 
|  23|0x0000000706600000, 0x0000000706600000, 0x0000000706800000|  0%| F|  |TAMS 0x0000000706600000| PB 0x0000000706600000| Untracked 
|  24|0x0000000706800000, 0x0000000706800000, 0x0000000706a00000|  0%| F|  |TAMS 0x0000000706800000| PB 0x0000000706800000| Untracked 
|  25|0x0000000706a00000, 0x0000000706a00000, 0x0000000706c00000|  0%| F|  |TAMS 0x0000000706a00000| PB 0x0000000706a00000| Untracked 
|  26|0x0000000706c00000, 0x0000000706c00000, 0x0000000706e00000|  0%| F|  |TAMS 0x0000000706c00000| PB 0x0000000706c00000| Untracked 
|  27|0x0000000706e00000, 0x0000000706e00000, 0x0000000707000000|  0%| F|  |TAMS 0x0000000706e00000| PB 0x0000000706e00000| Untracked 
|  28|0x0000000707000000, 0x0000000707000000, 0x0000000707200000|  0%| F|  |TAMS 0x0000000707000000| PB 0x0000000707000000| Untracked 
|  29|0x0000000707200000, 0x0000000707200000, 0x0000000707400000|  0%| F|  |TAMS 0x0000000707200000| PB 0x0000000707200000| Untracked 
|  30|0x0000000707400000, 0x0000000707400000, 0x0000000707600000|  0%| F|  |TAMS 0x0000000707400000| PB 0x0000000707400000| Untracked 
|  31|0x0000000707600000, 0x0000000707600000, 0x0000000707800000|  0%| F|  |TAMS 0x0000000707600000| PB 0x0000000707600000| Untracked 
|  32|0x0000000707800000, 0x0000000707800000, 0x0000000707a00000|  0%| F|  |TAMS 0x0000000707800000| PB 0x0000000707800000| Untracked 
|  33|0x0000000707a00000, 0x0000000707a00000, 0x0000000707c00000|  0%| F|  |TAMS 0x0000000707a00000| PB 0x0000000707a00000| Untracked 
|  34|0x0000000707c00000, 0x0000000707c00000, 0x0000000707e00000|  0%| F|  |TAMS 0x0000000707c00000| PB 0x0000000707c00000| Untracked 
|  35|0x0000000707e00000, 0x0000000707e00000, 0x0000000708000000|  0%| F|  |TAMS 0x0000000707e00000| PB 0x0000000707e00000| Untracked 
|  36|0x0000000708000000, 0x0000000708000000, 0x0000000708200000|  0%| F|  |TAMS 0x0000000708000000| PB 0x0000000708000000| Untracked 
|  37|0x0000000708200000, 0x0000000708200000, 0x0000000708400000|  0%| F|  |TAMS 0x0000000708200000| PB 0x0000000708200000| Untracked 
|  38|0x0000000708400000, 0x0000000708400000, 0x0000000708600000|  0%| F|  |TAMS 0x0000000708400000| PB 0x0000000708400000| Untracked 
|  39|0x0000000708600000, 0x0000000708600000, 0x0000000708800000|  0%| F|  |TAMS 0x0000000708600000| PB 0x0000000708600000| Untracked 
|  40|0x0000000708800000, 0x0000000708800000, 0x0000000708a00000|  0%| F|  |TAMS 0x0000000708800000| PB 0x0000000708800000| Untracked 
|  41|0x0000000708a00000, 0x0000000708a00000, 0x0000000708c00000|  0%| F|  |TAMS 0x0000000708a00000| PB 0x0000000708a00000| Untracked 
|  42|0x0000000708c00000, 0x0000000708c00000, 0x0000000708e00000|  0%| F|  |TAMS 0x0000000708c00000| PB 0x0000000708c00000| Untracked 
|  43|0x0000000708e00000, 0x0000000708e00000, 0x0000000709000000|  0%| F|  |TAMS 0x0000000708e00000| PB 0x0000000708e00000| Untracked 
|  44|0x0000000709000000, 0x0000000709000000, 0x0000000709200000|  0%| F|  |TAMS 0x0000000709000000| PB 0x0000000709000000| Untracked 
|  45|0x0000000709200000, 0x0000000709200000, 0x0000000709400000|  0%| F|  |TAMS 0x0000000709200000| PB 0x0000000709200000| Untracked 
|  46|0x0000000709400000, 0x0000000709400000, 0x0000000709600000|  0%| F|  |TAMS 0x0000000709400000| PB 0x0000000709400000| Untracked 
|  47|0x0000000709600000, 0x0000000709600000, 0x0000000709800000|  0%| F|  |TAMS 0x0000000709600000| PB 0x0000000709600000| Untracked 
|  48|0x0000000709800000, 0x0000000709800000, 0x0000000709a00000|  0%| F|  |TAMS 0x0000000709800000| PB 0x0000000709800000| Untracked 
|  49|0x0000000709a00000, 0x0000000709a00000, 0x0000000709c00000|  0%| F|  |TAMS 0x0000000709a00000| PB 0x0000000709a00000| Untracked 
|  50|0x0000000709c00000, 0x0000000709c00000, 0x0000000709e00000|  0%| F|  |TAMS 0x0000000709c00000| PB 0x0000000709c00000| Untracked 
|  51|0x0000000709e00000, 0x0000000709e00000, 0x000000070a000000|  0%| F|  |TAMS 0x0000000709e00000| PB 0x0000000709e00000| Untracked 
|  52|0x000000070a000000, 0x000000070a000000, 0x000000070a200000|  0%| F|  |TAMS 0x000000070a000000| PB 0x000000070a000000| Untracked 
|  53|0x000000070a200000, 0x000000070a200000, 0x000000070a400000|  0%| F|  |TAMS 0x000000070a200000| PB 0x000000070a200000| Untracked 
|  54|0x000000070a400000, 0x000000070a400000, 0x000000070a600000|  0%| F|  |TAMS 0x000000070a400000| PB 0x000000070a400000| Untracked 
|  55|0x000000070a600000, 0x000000070a600000, 0x000000070a800000|  0%| F|  |TAMS 0x000000070a600000| PB 0x000000070a600000| Untracked 
|  56|0x000000070a800000, 0x000000070a800000, 0x000000070aa00000|  0%| F|  |TAMS 0x000000070a800000| PB 0x000000070a800000| Untracked 
|  57|0x000000070aa00000, 0x000000070aa00000, 0x000000070ac00000|  0%| F|  |TAMS 0x000000070aa00000| PB 0x000000070aa00000| Untracked 
|  58|0x000000070ac00000, 0x000000070ac00000, 0x000000070ae00000|  0%| F|  |TAMS 0x000000070ac00000| PB 0x000000070ac00000| Untracked 
|  59|0x000000070ae00000, 0x000000070ae00000, 0x000000070b000000|  0%| F|  |TAMS 0x000000070ae00000| PB 0x000000070ae00000| Untracked 
|  60|0x000000070b000000, 0x000000070b000000, 0x000000070b200000|  0%| F|  |TAMS 0x000000070b000000| PB 0x000000070b000000| Untracked 
|  61|0x000000070b200000, 0x000000070b200000, 0x000000070b400000|  0%| F|  |TAMS 0x000000070b200000| PB 0x000000070b200000| Untracked 
|  62|0x000000070b400000, 0x000000070b400000, 0x000000070b600000|  0%| F|  |TAMS 0x000000070b400000| PB 0x000000070b400000| Untracked 
|  63|0x000000070b600000, 0x000000070b600000, 0x000000070b800000|  0%| F|  |TAMS 0x000000070b600000| PB 0x000000070b600000| Untracked 
|  64|0x000000070b800000, 0x000000070b800000, 0x000000070ba00000|  0%| F|  |TAMS 0x000000070b800000| PB 0x000000070b800000| Untracked 
|  65|0x000000070ba00000, 0x000000070ba00000, 0x000000070bc00000|  0%| F|  |TAMS 0x000000070ba00000| PB 0x000000070ba00000| Untracked 
|  66|0x000000070bc00000, 0x000000070bc00000, 0x000000070be00000|  0%| F|  |TAMS 0x000000070bc00000| PB 0x000000070bc00000| Untracked 
|  67|0x000000070be00000, 0x000000070be00000, 0x000000070c000000|  0%| F|  |TAMS 0x000000070be00000| PB 0x000000070be00000| Untracked 
|  68|0x000000070c000000, 0x000000070c000000, 0x000000070c200000|  0%| F|  |TAMS 0x000000070c000000| PB 0x000000070c000000| Untracked 
|  69|0x000000070c200000, 0x000000070c200000, 0x000000070c400000|  0%| F|  |TAMS 0x000000070c200000| PB 0x000000070c200000| Untracked 
|  70|0x000000070c400000, 0x000000070c400000, 0x000000070c600000|  0%| F|  |TAMS 0x000000070c400000| PB 0x000000070c400000| Untracked 
|  71|0x000000070c600000, 0x000000070c600000, 0x000000070c800000|  0%| F|  |TAMS 0x000000070c600000| PB 0x000000070c600000| Untracked 
|  72|0x000000070c800000, 0x000000070c800000, 0x000000070ca00000|  0%| F|  |TAMS 0x000000070c800000| PB 0x000000070c800000| Untracked 
|  73|0x000000070ca00000, 0x000000070ca00000, 0x000000070cc00000|  0%| F|  |TAMS 0x000000070ca00000| PB 0x000000070ca00000| Untracked 
|  74|0x000000070cc00000, 0x000000070cc00000, 0x000000070ce00000|  0%| F|  |TAMS 0x000000070cc00000| PB 0x000000070cc00000| Untracked 
|  75|0x000000070ce00000, 0x000000070ce00000, 0x000000070d000000|  0%| F|  |TAMS 0x000000070ce00000| PB 0x000000070ce00000| Untracked 
|  76|0x000000070d000000, 0x000000070d000000, 0x000000070d200000|  0%| F|  |TAMS 0x000000070d000000| PB 0x000000070d000000| Untracked 
|  77|0x000000070d200000, 0x000000070d200000, 0x000000070d400000|  0%| F|  |TAMS 0x000000070d200000| PB 0x000000070d200000| Untracked 
|  78|0x000000070d400000, 0x000000070d400000, 0x000000070d600000|  0%| F|  |TAMS 0x000000070d400000| PB 0x000000070d400000| Untracked 
|  79|0x000000070d600000, 0x000000070d600000, 0x000000070d800000|  0%| F|  |TAMS 0x000000070d600000| PB 0x000000070d600000| Untracked 
|  80|0x000000070d800000, 0x000000070d800000, 0x000000070da00000|  0%| F|  |TAMS 0x000000070d800000| PB 0x000000070d800000| Untracked 
|  81|0x000000070da00000, 0x000000070da00000, 0x000000070dc00000|  0%| F|  |TAMS 0x000000070da00000| PB 0x000000070da00000| Untracked 
|  82|0x000000070dc00000, 0x000000070dc00000, 0x000000070de00000|  0%| F|  |TAMS 0x000000070dc00000| PB 0x000000070dc00000| Untracked 
|  83|0x000000070de00000, 0x000000070de00000, 0x000000070e000000|  0%| F|  |TAMS 0x000000070de00000| PB 0x000000070de00000| Untracked 
|  84|0x000000070e000000, 0x000000070e000000, 0x000000070e200000|  0%| F|  |TAMS 0x000000070e000000| PB 0x000000070e000000| Untracked 
|  85|0x000000070e200000, 0x000000070e200000, 0x000000070e400000|  0%| F|  |TAMS 0x000000070e200000| PB 0x000000070e200000| Untracked 
|  86|0x000000070e400000, 0x000000070e400000, 0x000000070e600000|  0%| F|  |TAMS 0x000000070e400000| PB 0x000000070e400000| Untracked 
|  87|0x000000070e600000, 0x000000070e600000, 0x000000070e800000|  0%| F|  |TAMS 0x000000070e600000| PB 0x000000070e600000| Untracked 
|  88|0x000000070e800000, 0x000000070e800000, 0x000000070ea00000|  0%| F|  |TAMS 0x000000070e800000| PB 0x000000070e800000| Untracked 
|  89|0x000000070ea00000, 0x000000070ea00000, 0x000000070ec00000|  0%| F|  |TAMS 0x000000070ea00000| PB 0x000000070ea00000| Untracked 
|  90|0x000000070ec00000, 0x000000070ec00000, 0x000000070ee00000|  0%| F|  |TAMS 0x000000070ec00000| PB 0x000000070ec00000| Untracked 
|  91|0x000000070ee00000, 0x000000070ee00000, 0x000000070f000000|  0%| F|  |TAMS 0x000000070ee00000| PB 0x000000070ee00000| Untracked 
|  92|0x000000070f000000, 0x000000070f000000, 0x000000070f200000|  0%| F|  |TAMS 0x000000070f000000| PB 0x000000070f000000| Untracked 
|  93|0x000000070f200000, 0x000000070f200000, 0x000000070f400000|  0%| F|  |TAMS 0x000000070f200000| PB 0x000000070f200000| Untracked 
|  94|0x000000070f400000, 0x000000070f400000, 0x000000070f600000|  0%| F|  |TAMS 0x000000070f400000| PB 0x000000070f400000| Untracked 
|  95|0x000000070f600000, 0x000000070f600000, 0x000000070f800000|  0%| F|  |TAMS 0x000000070f600000| PB 0x000000070f600000| Untracked 
|  96|0x000000070f800000, 0x000000070f800000, 0x000000070fa00000|  0%| F|  |TAMS 0x000000070f800000| PB 0x000000070f800000| Untracked 
|  97|0x000000070fa00000, 0x000000070fa00000, 0x000000070fc00000|  0%| F|  |TAMS 0x000000070fa00000| PB 0x000000070fa00000| Untracked 
|  98|0x000000070fc00000, 0x000000070fc00000, 0x000000070fe00000|  0%| F|  |TAMS 0x000000070fc00000| PB 0x000000070fc00000| Untracked 
|  99|0x000000070fe00000, 0x000000070fe00000, 0x0000000710000000|  0%| F|  |TAMS 0x000000070fe00000| PB 0x000000070fe00000| Untracked 
| 100|0x0000000710000000, 0x0000000710000000, 0x0000000710200000|  0%| F|  |TAMS 0x0000000710000000| PB 0x0000000710000000| Untracked 
| 101|0x0000000710200000, 0x0000000710200000, 0x0000000710400000|  0%| F|  |TAMS 0x0000000710200000| PB 0x0000000710200000| Untracked 
| 102|0x0000000710400000, 0x0000000710400000, 0x0000000710600000|  0%| F|  |TAMS 0x0000000710400000| PB 0x0000000710400000| Untracked 
| 103|0x0000000710600000, 0x0000000710600000, 0x0000000710800000|  0%| F|  |TAMS 0x0000000710600000| PB 0x0000000710600000| Untracked 
| 104|0x0000000710800000, 0x0000000710800000, 0x0000000710a00000|  0%| F|  |TAMS 0x0000000710800000| PB 0x0000000710800000| Untracked 
| 105|0x0000000710a00000, 0x0000000710a00000, 0x0000000710c00000|  0%| F|  |TAMS 0x0000000710a00000| PB 0x0000000710a00000| Untracked 
| 106|0x0000000710c00000, 0x0000000710c00000, 0x0000000710e00000|  0%| F|  |TAMS 0x0000000710c00000| PB 0x0000000710c00000| Untracked 
| 107|0x0000000710e00000, 0x0000000710e00000, 0x0000000711000000|  0%| F|  |TAMS 0x0000000710e00000| PB 0x0000000710e00000| Untracked 
| 108|0x0000000711000000, 0x0000000711000000, 0x0000000711200000|  0%| F|  |TAMS 0x0000000711000000| PB 0x0000000711000000| Untracked 
| 109|0x0000000711200000, 0x0000000711200000, 0x0000000711400000|  0%| F|  |TAMS 0x0000000711200000| PB 0x0000000711200000| Untracked 
| 110|0x0000000711400000, 0x0000000711400000, 0x0000000711600000|  0%| F|  |TAMS 0x0000000711400000| PB 0x0000000711400000| Untracked 
| 111|0x0000000711600000, 0x0000000711600000, 0x0000000711800000|  0%| F|  |TAMS 0x0000000711600000| PB 0x0000000711600000| Untracked 
| 112|0x0000000711800000, 0x0000000711800000, 0x0000000711a00000|  0%| F|  |TAMS 0x0000000711800000| PB 0x0000000711800000| Untracked 
| 113|0x0000000711a00000, 0x0000000711aacd48, 0x0000000711c00000| 33%| E|  |TAMS 0x0000000711a00000| PB 0x0000000711a00000| Complete 
| 114|0x0000000711c00000, 0x0000000711e00000, 0x0000000711e00000|100%| S|CS|TAMS 0x0000000711c00000| PB 0x0000000711c00000| Complete 
| 115|0x0000000711e00000, 0x0000000712000000, 0x0000000712000000|100%| S|CS|TAMS 0x0000000711e00000| PB 0x0000000711e00000| Complete 
| 116|0x0000000712000000, 0x0000000712200000, 0x0000000712200000|100%| E|CS|TAMS 0x0000000712000000| PB 0x0000000712000000| Complete 
| 117|0x0000000712200000, 0x0000000712400000, 0x0000000712400000|100%| E|CS|TAMS 0x0000000712200000| PB 0x0000000712200000| Complete 
| 118|0x0000000712400000, 0x0000000712600000, 0x0000000712600000|100%| E|CS|TAMS 0x0000000712400000| PB 0x0000000712400000| Complete 
| 119|0x0000000712600000, 0x0000000712800000, 0x0000000712800000|100%| E|CS|TAMS 0x0000000712600000| PB 0x0000000712600000| Complete 
| 120|0x0000000712800000, 0x0000000712a00000, 0x0000000712a00000|100%| E|CS|TAMS 0x0000000712800000| PB 0x0000000712800000| Complete 
| 121|0x0000000712a00000, 0x0000000712c00000, 0x0000000712c00000|100%| E|CS|TAMS 0x0000000712a00000| PB 0x0000000712a00000| Complete 
| 122|0x0000000712c00000, 0x0000000712e00000, 0x0000000712e00000|100%| E|CS|TAMS 0x0000000712c00000| PB 0x0000000712c00000| Complete 
| 123|0x0000000712e00000, 0x0000000713000000, 0x0000000713000000|100%| E|CS|TAMS 0x0000000712e00000| PB 0x0000000712e00000| Complete 
| 124|0x0000000713000000, 0x0000000713200000, 0x0000000713200000|100%| E|CS|TAMS 0x0000000713000000| PB 0x0000000713000000| Complete 
| 125|0x0000000713200000, 0x0000000713400000, 0x0000000713400000|100%| E|CS|TAMS 0x0000000713200000| PB 0x0000000713200000| Complete 
| 126|0x0000000713400000, 0x0000000713600000, 0x0000000713600000|100%| E|CS|TAMS 0x0000000713400000| PB 0x0000000713400000| Complete 

Card table byte_map: [0x000001c59d7a0000,0x000001c59df90000] _byte_map_base: 0x000001c599f84000

Marking Bits: (CMBitMap*) 0x000001c5855efd00
 Bits: [0x000001c59df90000, 0x000001c5a1eb0000)

Polling page: 0x000001c583390000

Metaspace:

Usage:
  Non-class:      9.77 MB used.
      Class:      1.37 MB used.
       Both:     11.13 MB used.

Virtual space:
  Non-class space:       64.00 MB reserved,       9.88 MB ( 15%) committed,  1 nodes.
      Class space:        1.00 GB reserved,       1.50 MB ( <1%) committed,  1 nodes.
             Both:        1.06 GB reserved,      11.38 MB (  1%) committed. 

Chunk freelists:
   Non-Class:  5.83 MB
       Class:  14.55 MB
        Both:  20.37 MB

MaxMetaspaceSize: unlimited
CompressedClassSpaceSize: 1.00 GB
Initial GC threshold: 21.00 MB
Current GC threshold: 21.00 MB
CDS: on
 - commit_granule_bytes: 65536.
 - commit_granule_words: 8192.
 - virtual_space_node_default_size: 8388608.
 - enlarge_chunks_in_place: 1.
 - use_allocation_guard: 0.


Internal statistics:

num_allocs_failed_limit: 0.
num_arena_births: 198.
num_arena_deaths: 0.
num_vsnodes_births: 2.
num_vsnodes_deaths: 0.
num_space_committed: 182.
num_space_uncommitted: 0.
num_chunks_returned_to_freelist: 0.
num_chunks_taken_from_freelist: 608.
num_chunk_merges: 0.
num_chunk_splits: 360.
num_chunks_enlarged: 228.
num_inconsistent_stats: 0.

CodeHeap 'non-profiled nmethods': size=120000Kb used=645Kb max_used=645Kb free=119354Kb
 bounds [0x000001c595750000, 0x000001c5959c0000, 0x000001c59cc80000]
CodeHeap 'profiled nmethods': size=120000Kb used=3286Kb max_used=3286Kb free=116713Kb
 bounds [0x000001c58dc80000, 0x000001c58dfc0000, 0x000001c5951b0000]
CodeHeap 'non-nmethods': size=5760Kb used=1548Kb max_used=1571Kb free=4211Kb
 bounds [0x000001c5951b0000, 0x000001c595420000, 0x000001c595750000]
 total_blobs=2214 nmethods=1714 adapters=405
 compilation: enabled
              stopped_count=0, restarted_count=0
 full_count=0

Compilation events (20 events):
Event: 1.442 Thread 0x000001c5a49404a0 1692       3       jdk.internal.misc.Unsafe::weakCompareAndSetInt (11 bytes)
Event: 1.443 Thread 0x000001c5a49404a0 nmethod 1692 0x000001c58df8d710 code [0x000001c58df8d8a0, 0x000001c58df8d9c8]
Event: 1.448 Thread 0x000001c5a49404a0 1693       3       java.lang.invoke.VarHandleGuards::guard_LL_V (123 bytes)
Event: 1.451 Thread 0x000001c5a49404a0 nmethod 1693 0x000001c58df8da90 code [0x000001c58df8dec0, 0x000001c58df90440]
Event: 1.451 Thread 0x000001c5a49404a0 1696       3       org.springframework.core.ResolvableType::forType (7 bytes)
Event: 1.451 Thread 0x000001c5a49404a0 nmethod 1696 0x000001c58df90f10 code [0x000001c58df910c0, 0x000001c58df911e8]
Event: 1.451 Thread 0x000001c5a49404a0 1694       3       java.lang.invoke.VarHandleReferences$FieldInstanceReadWrite::set (35 bytes)
Event: 1.452 Thread 0x000001c5a49404a0 nmethod 1694 0x000001c58df91290 code [0x000001c58df914c0, 0x000001c58df91c98]
Event: 1.452 Thread 0x000001c5a49404a0 1698       3       org.springframework.core.ResolvableType::resolveClass (74 bytes)
Event: 1.452 Thread 0x000001c5a49404a0 nmethod 1698 0x000001c58df91f90 code [0x000001c58df921c0, 0x000001c58df92ac8]
Event: 1.452 Thread 0x000001c5a49404a0 1699       3       java.util.Collections::singletonIterator (9 bytes)
Event: 1.453 Thread 0x000001c5a49404a0 nmethod 1699 0x000001c58df92c90 code [0x000001c58df92e40, 0x000001c58df930b0]
Event: 1.453 Thread 0x000001c5a49404a0 1700       3       java.util.Collections$1::<init> (15 bytes)
Event: 1.453 Thread 0x000001c5a49404a0 nmethod 1700 0x000001c58df93190 code [0x000001c58df93340, 0x000001c58df93510]
Event: 1.453 Thread 0x000001c5a49404a0 1701       3       org.springframework.core.ResolvableType::hashCode (22 bytes)
Event: 1.454 Thread 0x000001c5a49404a0 nmethod 1701 0x000001c58df93610 code [0x000001c58df937c0, 0x000001c58df93968]
Event: 1.454 Thread 0x000001c5a49404a0 1702       3       org.springframework.util.ObjectUtils::nullSafeHashCode (174 bytes)
Event: 1.454 Thread 0x000001c5a49404a0 nmethod 1702 0x000001c58df93a10 code [0x000001c58df93d80, 0x000001c58df95628]
Event: 1.458 Thread 0x000001c5a49404a0 1703       1       org.springframework.core.ResolvableType$DefaultVariableResolver::getSource (5 bytes)
Event: 1.458 Thread 0x000001c5a49404a0 nmethod 1703 0x000001c5957f0a90 code [0x000001c5957f0c20, 0x000001c5957f0cf0]

GC Heap History (2 events):
Event: 0.781 GC heap before
{Heap before GC invocations=0 (full 0):
 garbage-first heap   total 260096K, used 20480K [0x0000000703800000, 0x0000000800000000)
  region size 2048K, 11 young (22528K), 0 survivors (0K)
 Metaspace       used 5275K, committed 5376K, reserved 1114112K
  class space    used 583K, committed 640K, reserved 1048576K
}
Event: 0.787 GC heap after
{Heap after GC invocations=1 (full 0):
 garbage-first heap   total 260096K, used 6623K [0x0000000703800000, 0x0000000800000000)
  region size 2048K, 2 young (4096K), 2 survivors (4096K)
 Metaspace       used 5275K, committed 5376K, reserved 1114112K
  class space    used 583K, committed 640K, reserved 1048576K
}

Dll operation events (8 events):
Event: 0.014 Loaded shared library C:\Users\shres\.jdks\ms-21.0.7\bin\java.dll
Event: 0.049 Loaded shared library C:\Users\shres\.jdks\ms-21.0.7\bin\jsvml.dll
Event: 0.071 Loaded shared library C:\Users\shres\.jdks\ms-21.0.7\bin\net.dll
Event: 0.073 Loaded shared library C:\Users\shres\.jdks\ms-21.0.7\bin\nio.dll
Event: 0.077 Loaded shared library C:\Users\shres\.jdks\ms-21.0.7\bin\zip.dll
Event: 0.168 Loaded shared library C:\Users\shres\.jdks\ms-21.0.7\bin\management.dll
Event: 0.174 Loaded shared library C:\Users\shres\.jdks\ms-21.0.7\bin\management_ext.dll
Event: 0.193 Loaded shared library C:\Users\shres\.jdks\ms-21.0.7\bin\jimage.dll

Deoptimization events (20 events):
Event: 1.234 Thread 0x000001c583162bc0 DEOPT PACKING pc=0x000001c595781258 sp=0x0000005faa0fc080
Event: 1.234 Thread 0x000001c583162bc0 DEOPT UNPACKING pc=0x000001c595207da2 sp=0x0000005faa0fc060 mode 2
Event: 1.234 Thread 0x000001c583162bc0 Uncommon trap: trap_request=0xffffffde fr.pc=0x000001c595781258 relative=0x00000000000005b8
Event: 1.234 Thread 0x000001c583162bc0 Uncommon trap: reason=class_check action=maybe_recompile pc=0x000001c595781258 method=java.util.regex.Matcher.search(I)Z @ 121 c2
Event: 1.234 Thread 0x000001c583162bc0 DEOPT PACKING pc=0x000001c595781258 sp=0x0000005faa0fc080
Event: 1.234 Thread 0x000001c583162bc0 DEOPT UNPACKING pc=0x000001c595207da2 sp=0x0000005faa0fc060 mode 2
Event: 1.285 Thread 0x000001c583162bc0 Uncommon trap: trap_request=0xffffffde fr.pc=0x000001c5957df1ac relative=0x000000000000088c
Event: 1.285 Thread 0x000001c583162bc0 Uncommon trap: reason=class_check action=maybe_recompile pc=0x000001c5957df1ac method=java.util.HashMap.putVal(ILjava/lang/Object;Ljava/lang/Object;ZZ)Ljava/lang/Object; @ 203 c2
Event: 1.285 Thread 0x000001c583162bc0 DEOPT PACKING pc=0x000001c5957df1ac sp=0x0000005faa0fbc30
Event: 1.285 Thread 0x000001c583162bc0 DEOPT UNPACKING pc=0x000001c595207da2 sp=0x0000005faa0fbbb0 mode 2
Event: 1.316 Thread 0x000001c583162bc0 Uncommon trap: trap_request=0xffffff45 fr.pc=0x000001c5957d17ec relative=0x0000000000000ccc
Event: 1.316 Thread 0x000001c583162bc0 Uncommon trap: reason=unstable_if action=reinterpret pc=0x000001c5957d17ec method=java.util.Properties$LineReader.readLine()I @ 25 c2
Event: 1.316 Thread 0x000001c583162bc0 DEOPT PACKING pc=0x000001c5957d17ec sp=0x0000005faa0fcc10
Event: 1.316 Thread 0x000001c583162bc0 DEOPT UNPACKING pc=0x000001c595207da2 sp=0x0000005faa0fcbb0 mode 2
Event: 1.344 Thread 0x000001c583162bc0 Uncommon trap: trap_request=0xffffff45 fr.pc=0x000001c5957adab4 relative=0x00000000000000f4
Event: 1.344 Thread 0x000001c583162bc0 Uncommon trap: reason=unstable_if action=reinterpret pc=0x000001c5957adab4 method=sun.reflect.generics.parser.SignatureParser.current()C @ 39 c2
Event: 1.344 Thread 0x000001c583162bc0 DEOPT PACKING pc=0x000001c5957adab4 sp=0x0000005faa0fb520
Event: 1.344 Thread 0x000001c583162bc0 DEOPT UNPACKING pc=0x000001c595207da2 sp=0x0000005faa0fb4b8 mode 2
Event: 1.387 Thread 0x000001c583162bc0 DEOPT PACKING pc=0x000001c58dd9c702 sp=0x0000005faa0fbc10
Event: 1.387 Thread 0x000001c583162bc0 DEOPT UNPACKING pc=0x000001c5952088e2 sp=0x0000005faa0fb098 mode 0

Classes loaded (20 events):
Event: 1.437 Loading class java/time/DateTimeException done
Event: 1.437 Loading class java/time/format/DateTimeParseException done
Event: 1.438 Loading class java/time/OffsetTime
Event: 1.439 Loading class java/time/OffsetTime done
Event: 1.443 Loading class java/time/Year
Event: 1.443 Loading class java/time/Year done
Event: 1.445 Loading class java/time/Month
Event: 1.445 Loading class java/time/Month done
Event: 1.446 Loading class java/time/YearMonth
Event: 1.447 Loading class java/time/YearMonth done
Event: 1.448 Loading class java/time/MonthDay
Event: 1.449 Loading class java/time/MonthDay done
Event: 1.455 Loading class sun/reflect/generics/tree/CharSignature
Event: 1.455 Loading class sun/reflect/generics/tree/CharSignature done
Event: 1.455 Loading class sun/reflect/generics/tree/ArrayTypeSignature
Event: 1.455 Loading class sun/reflect/generics/tree/ArrayTypeSignature done
Event: 1.458 Loading class java/net/UnknownHostException
Event: 1.458 Loading class java/net/UnknownHostException done
Event: 1.464 Loading class sun/reflect/generics/tree/ByteSignature
Event: 1.464 Loading class sun/reflect/generics/tree/ByteSignature done

Classes unloaded (0 events):
No events

Classes redefined (0 events):
No events

Internal exceptions (20 events):
Event: 0.794 Thread 0x000001c583162bc0 Exception <a 'java/lang/IncompatibleClassChangeError'{0x0000000713431088}: Found class java.lang.Object, but interface was expected> (0x0000000713431088) 
thrown [s\src\hotspot\share\interpreter\linkResolver.cpp, line 840]
Event: 0.797 Thread 0x000001c583162bc0 Exception <a 'java/lang/NoSuchMethodError'{0x0000000713451800}: 'void java.lang.invoke.DirectMethodHandle$Holder.invokeStatic(java.lang.Object, java.lang.Object, java.lang.Object, java.lang.Object)'> (0x0000000713451800) 
thrown [s\src\hotspot\share\interpreter\linkResolver.cpp, line 773]
Event: 0.808 Thread 0x000001c583162bc0 Exception <a 'java/lang/NoSuchMethodError'{0x0000000713565cc0}: 'java.lang.Object java.lang.invoke.Invokers$Holder.invokeExact_MT(java.lang.Object, java.lang.Object, java.lang.Object, java.lang.Object, java.lang.Object, java.lang.Object)'> (0x0000000713565cc0) 
thrown [s\src\hotspot\share\interpreter\linkResolver.cpp, line 773]
Event: 0.810 Thread 0x000001c583162bc0 Exception <a 'java/lang/NoSuchMethodError'{0x0000000713573968}: 'int java.lang.invoke.DirectMethodHandle$Holder.invokeStatic(java.lang.Object, java.lang.Object, java.lang.Object, java.lang.Object, java.lang.Object)'> (0x0000000713573968) 
thrown [s\src\hotspot\share\interpreter\linkResolver.cpp, line 773]
Event: 0.819 Thread 0x000001c583162bc0 Exception <a 'java/lang/NoSuchMethodError'{0x00000007135cb078}: 'void java.lang.invoke.DirectMethodHandle$Holder.invokeStaticInit(java.lang.Object)'> (0x00000007135cb078) 
thrown [s\src\hotspot\share\interpreter\linkResolver.cpp, line 773]
Event: 0.833 Thread 0x000001c583162bc0 Exception <a 'java/lang/NoSuchMethodError'{0x000000071329f7a0}: 'void java.lang.invoke.DirectMethodHandle$Holder.invokeStaticInit(java.lang.Object, java.lang.Object, java.lang.Object, java.lang.Object)'> (0x000000071329f7a0) 
thrown [s\src\hotspot\share\interpreter\linkResolver.cpp, line 773]
Event: 0.843 Thread 0x000001c583162bc0 Exception <a 'java/lang/NoSuchMethodError'{0x0000000713341898}: 'int java.lang.invoke.DirectMethodHandle$Holder.invokeStaticInit(java.lang.Object, java.lang.Object)'> (0x0000000713341898) 
thrown [s\src\hotspot\share\interpreter\linkResolver.cpp, line 773]
Event: 0.942 Thread 0x000001c583162bc0 Exception <a 'java/lang/NoSuchMethodError'{0x0000000712eb7c98}: 'java.lang.Object java.lang.invoke.DirectMethodHandle$Holder.invokeSpecial(java.lang.Object, java.lang.Object, java.lang.Object, long, java.lang.Object)'> (0x0000000712eb7c98) 
thrown [s\src\hotspot\share\interpreter\linkResolver.cpp, line 773]
Event: 0.942 Thread 0x000001c583162bc0 Exception <a 'java/lang/NoSuchMethodError'{0x0000000712ebb8b8}: 'java.lang.Object java.lang.invoke.Invokers$Holder.linkToTargetMethod(java.lang.Object, long, java.lang.Object, java.lang.Object)'> (0x0000000712ebb8b8) 
thrown [s\src\hotspot\share\interpreter\linkResolver.cpp, line 773]
Event: 1.040 Thread 0x000001c583162bc0 Exception <a 'java/lang/NoSuchMethodError'{0x0000000712a27668}: 'int java.lang.invoke.DirectMethodHandle$Holder.invokeStaticInit(java.lang.Object, java.lang.Object, java.lang.Object)'> (0x0000000712a27668) 
thrown [s\src\hotspot\share\interpreter\linkResolver.cpp, line 773]
Event: 1.055 Thread 0x000001c583162bc0 Implicit null exception at 0x000001c595785dbd to 0x000001c595785e41
Event: 1.067 Thread 0x000001c583162bc0 Exception <a 'java/lang/NoSuchMethodError'{0x0000000712b23e28}: 'int java.lang.invoke.DirectMethodHandle$Holder.invokeInterface(java.lang.Object, java.lang.Object)'> (0x0000000712b23e28) 
thrown [s\src\hotspot\share\interpreter\linkResolver.cpp, line 773]
Event: 1.095 Thread 0x000001c583162bc0 Exception <a 'java/lang/NoSuchMethodError'{0x0000000712bfcb98}: 'void java.lang.invoke.DirectMethodHandle$Holder.invokeStatic(java.lang.Object, java.lang.Object)'> (0x0000000712bfcb98) 
thrown [s\src\hotspot\share\interpreter\linkResolver.cpp, line 773]
Event: 1.096 Thread 0x000001c583162bc0 Exception <a 'java/lang/NoSuchMethodError'{0x0000000712800490}: 'void java.lang.invoke.DirectMethodHandle$Holder.invokeStaticInit(java.lang.Object, java.lang.Object)'> (0x0000000712800490) 
thrown [s\src\hotspot\share\interpreter\linkResolver.cpp, line 773]
Event: 1.133 Thread 0x000001c583162bc0 Exception <a 'java/lang/NoSuchMethodError'{0x00000007128b6c50}: 'int java.lang.invoke.DirectMethodHandle$Holder.invokeVirtual(java.lang.Object, java.lang.Object, java.lang.Object)'> (0x00000007128b6c50) 
thrown [s\src\hotspot\share\interpreter\linkResolver.cpp, line 773]
Event: 1.182 Thread 0x000001c583162bc0 Exception <a 'java/lang/IncompatibleClassChangeError'{0x0000000712616488}: Found class java.lang.Object, but interface was expected> (0x0000000712616488) 
thrown [s\src\hotspot\share\interpreter\linkResolver.cpp, line 840]
Event: 1.215 Thread 0x000001c583162bc0 Exception <a 'java/lang/NoSuchMethodError'{0x0000000712758180}: 'int java.lang.invoke.DirectMethodHandle$Holder.invokeSpecial(java.lang.Object, java.lang.Object, java.lang.Object, java.lang.Object)'> (0x0000000712758180) 
thrown [s\src\hotspot\share\interpreter\linkResolver.cpp, line 773]
Event: 1.224 Thread 0x000001c583162bc0 Exception <a 'java/lang/NoSuchMethodError'{0x0000000712778c30}: 'int java.lang.invoke.DirectMethodHandle$Holder.invokeSpecial(java.lang.Object, java.lang.Object, java.lang.Object, java.lang.Object, java.lang.Object)'> (0x0000000712778c30) 
thrown [s\src\hotspot\share\interpreter\linkResolver.cpp, line 773]
Event: 1.229 Thread 0x000001c583162bc0 Exception <a 'java/lang/NoSuchMethodError'{0x00000007127812a8}: 'void java.lang.invoke.DirectMethodHandle$Holder.invokeVirtual(java.lang.Object, java.lang.Object)'> (0x00000007127812a8) 
thrown [s\src\hotspot\share\interpreter\linkResolver.cpp, line 773]
Event: 1.320 Thread 0x000001c583162bc0 Exception <a 'java/lang/NoSuchMethodError'{0x0000000712232790}: 'void java.lang.invoke.DirectMethodHandle$Holder.invokeVirtual(java.lang.Object, java.lang.Object, java.lang.Object, java.lang.Object)'> (0x0000000712232790) 
thrown [s\src\hotspot\share\interpreter\linkResolver.cpp, line 773]

ZGC Phase Switch (0 events):
No events

VM Operations (20 events):
Event: 0.420 Executing VM operation: HandshakeAllThreads (Deoptimize)
Event: 0.420 Executing VM operation: HandshakeAllThreads (Deoptimize) done
Event: 0.624 Executing VM operation: HandshakeAllThreads (Deoptimize)
Event: 0.624 Executing VM operation: HandshakeAllThreads (Deoptimize) done
Event: 0.632 Executing VM operation: HandshakeAllThreads (Deoptimize)
Event: 0.632 Executing VM operation: HandshakeAllThreads (Deoptimize) done
Event: 0.739 Executing VM operation: ICBufferFull
Event: 0.739 Executing VM operation: ICBufferFull done
Event: 0.763 Executing VM operation: HandshakeAllThreads (Deoptimize)
Event: 0.763 Executing VM operation: HandshakeAllThreads (Deoptimize) done
Event: 0.769 Executing VM operation: HandshakeAllThreads (Deoptimize)
Event: 0.769 Executing VM operation: HandshakeAllThreads (Deoptimize) done
Event: 0.781 Executing VM operation: G1CollectForAllocation (G1 Evacuation Pause)
Event: 0.787 Executing VM operation: G1CollectForAllocation (G1 Evacuation Pause) done
Event: 1.069 Executing VM operation: HandshakeAllThreads (Deoptimize)
Event: 1.069 Executing VM operation: HandshakeAllThreads (Deoptimize) done
Event: 1.191 Executing VM operation: HandshakeAllThreads (Deoptimize)
Event: 1.191 Executing VM operation: HandshakeAllThreads (Deoptimize) done
Event: 1.315 Executing VM operation: HandshakeAllThreads (Deoptimize)
Event: 1.315 Executing VM operation: HandshakeAllThreads (Deoptimize) done

Memory protections (0 events):
No events

Nmethod flushes (0 events):
No events

Events (14 events):
Event: 0.030 Thread 0x000001c583162bc0 Thread added: 0x000001c583162bc0
Event: 0.046 Thread 0x000001c583162bc0 Thread added: 0x000001c5a4925fb0
Event: 0.046 Thread 0x000001c583162bc0 Thread added: 0x000001c5a4926a00
Event: 0.046 Thread 0x000001c583162bc0 Thread added: 0x000001c5a4928a50
Event: 0.046 Thread 0x000001c583162bc0 Thread added: 0x000001c5a4929850
Event: 0.046 Thread 0x000001c583162bc0 Thread added: 0x000001c5a492c3e0
Event: 0.047 Thread 0x000001c583162bc0 Thread added: 0x000001c5a492e240
Event: 0.047 Thread 0x000001c583162bc0 Thread added: 0x000001c5a493f8e0
Event: 0.047 Thread 0x000001c583162bc0 Thread added: 0x000001c5a49404a0
Event: 0.066 Thread 0x000001c583162bc0 Thread added: 0x000001c5a4a8ce60
Event: 0.067 Thread 0x000001c583162bc0 Thread added: 0x000001c5a4a8d680
Event: 0.214 Thread 0x000001c5a49404a0 Thread added: 0x000001c5a4b74470
Event: 0.285 Thread 0x000001c583162bc0 Thread added: 0x000001c5ea288460
Event: 0.297 Thread 0x000001c583162bc0 Thread added: 0x000001c5a4b9d1d0


Dynamic libraries:
0x00007ff680c20000 - 0x00007ff680c2e000 	C:\Users\shres\.jdks\ms-21.0.7\bin\java.exe
0x00007ff89d6e0000 - 0x00007ff89d948000 	C:\WINDOWS\SYSTEM32\ntdll.dll
0x00007ff89c840000 - 0x00007ff89c909000 	C:\WINDOWS\System32\KERNEL32.DLL
0x00007ff89a940000 - 0x00007ff89ad2d000 	C:\WINDOWS\System32\KERNELBASE.dll
0x00007ff89b300000 - 0x00007ff89b44b000 	C:\WINDOWS\System32\ucrtbase.dll
0x00007ff8854a0000 - 0x00007ff8854b8000 	C:\Users\shres\.jdks\ms-21.0.7\bin\jli.dll
0x00007ff8852b0000 - 0x00007ff8852cd000 	C:\Users\shres\.jdks\ms-21.0.7\bin\VCRUNTIME140.dll
0x00007ff89b460000 - 0x00007ff89b62c000 	C:\WINDOWS\System32\USER32.dll
0x00007ff89b090000 - 0x00007ff89b0b7000 	C:\WINDOWS\System32\win32u.dll
0x00007ff89c6b0000 - 0x00007ff89c6db000 	C:\WINDOWS\System32\GDI32.dll
0x00007ff89a800000 - 0x00007ff89a937000 	C:\WINDOWS\System32\gdi32full.dll
0x00007ff880c30000 - 0x00007ff880eca000 	C:\WINDOWS\WinSxS\amd64_microsoft.windows.common-controls_6595b64144ccf1df_6.0.26100.4484_none_3e0e6d4ce32ef3b3\COMCTL32.dll
0x00007ff89af50000 - 0x00007ff89aff3000 	C:\WINDOWS\System32\msvcp_win.dll
0x00007ff89c6e0000 - 0x00007ff89c789000 	C:\WINDOWS\System32\msvcrt.dll
0x00007ff89d4c0000 - 0x00007ff89d4ef000 	C:\WINDOWS\System32\IMM32.DLL
0x00007ff885570000 - 0x00007ff88557c000 	C:\Users\shres\.jdks\ms-21.0.7\bin\vcruntime140_1.dll
0x00007ff866100000 - 0x00007ff86618d000 	C:\Users\shres\.jdks\ms-21.0.7\bin\msvcp140.dll
0x00007ff812c60000 - 0x00007ff8139f8000 	C:\Users\shres\.jdks\ms-21.0.7\bin\server\jvm.dll
0x00007ff89c960000 - 0x00007ff89ca14000 	C:\WINDOWS\System32\ADVAPI32.dll
0x00007ff89c790000 - 0x00007ff89c836000 	C:\WINDOWS\System32\sechost.dll
0x00007ff89d3a0000 - 0x00007ff89d4b8000 	C:\WINDOWS\System32\RPCRT4.dll
0x00007ff89ca20000 - 0x00007ff89ca94000 	C:\WINDOWS\System32\WS2_32.dll
0x00007ff89a650000 - 0x00007ff89a6ae000 	C:\WINDOWS\SYSTEM32\POWRPROF.dll
0x00007ff880ed0000 - 0x00007ff880f05000 	C:\WINDOWS\SYSTEM32\WINMM.dll
0x00007ff88e630000 - 0x00007ff88e63b000 	C:\WINDOWS\SYSTEM32\VERSION.dll
0x00007ff89a630000 - 0x00007ff89a644000 	C:\WINDOWS\SYSTEM32\UMPDC.dll
0x00007ff899560000 - 0x00007ff89957b000 	C:\WINDOWS\SYSTEM32\kernel.appcore.dll
0x00007ff885540000 - 0x00007ff88554a000 	C:\Users\shres\.jdks\ms-21.0.7\bin\jimage.dll
0x00007ff894e50000 - 0x00007ff895091000 	C:\WINDOWS\SYSTEM32\DBGHELP.DLL
0x00007ff89be20000 - 0x00007ff89c1a6000 	C:\WINDOWS\System32\combase.dll
0x00007ff89ced0000 - 0x00007ff89cfb0000 	C:\WINDOWS\System32\OLEAUT32.dll
0x00007ff86e290000 - 0x00007ff86e2d3000 	C:\WINDOWS\SYSTEM32\dbgcore.DLL
0x00007ff89aeb0000 - 0x00007ff89af49000 	C:\WINDOWS\System32\bcryptPrimitives.dll
0x00007ff884090000 - 0x00007ff8840b0000 	C:\Users\shres\.jdks\ms-21.0.7\bin\java.dll
0x00007ff89b6b0000 - 0x00007ff89bdfa000 	C:\WINDOWS\System32\SHELL32.dll
0x00007ff89b0c0000 - 0x00007ff89b234000 	C:\WINDOWS\System32\wintypes.dll
0x00007ff898400000 - 0x00007ff898c5b000 	C:\WINDOWS\SYSTEM32\windows.storage.dll
0x00007ff89cd10000 - 0x00007ff89ce05000 	C:\WINDOWS\System32\SHCORE.dll
0x00007ff89d600000 - 0x00007ff89d66a000 	C:\WINDOWS\System32\shlwapi.dll
0x00007ff89a710000 - 0x00007ff89a73f000 	C:\WINDOWS\SYSTEM32\profapi.dll
0x00007ff8520f0000 - 0x00007ff8521c6000 	C:\Users\shres\.jdks\ms-21.0.7\bin\jsvml.dll
0x00007ff8840c0000 - 0x00007ff8840d0000 	C:\Users\shres\.jdks\ms-21.0.7\bin\net.dll
0x00007ff891070000 - 0x00007ff89118e000 	C:\WINDOWS\SYSTEM32\WINHTTP.dll
0x00007ff899ad0000 - 0x00007ff899b3a000 	C:\WINDOWS\system32\mswsock.dll
0x00007ff881e10000 - 0x00007ff881e26000 	C:\Users\shres\.jdks\ms-21.0.7\bin\nio.dll
0x00007ff880c10000 - 0x00007ff880c28000 	C:\Users\shres\.jdks\ms-21.0.7\bin\zip.dll
0x00007ff8754b0000 - 0x00007ff8754ba000 	C:\Users\shres\.jdks\ms-21.0.7\bin\management.dll
0x00007ff874d20000 - 0x00007ff874d2b000 	C:\Users\shres\.jdks\ms-21.0.7\bin\management_ext.dll
0x00007ff89caa0000 - 0x00007ff89caa8000 	C:\WINDOWS\System32\PSAPI.DLL

dbghelp: loaded successfully - version: 4.0.5 - missing functions: none
symbol engine: initialized successfully - sym options: 0x614 - pdb path: .;C:\Users\shres\.jdks\ms-21.0.7\bin;C:\WINDOWS\SYSTEM32;C:\WINDOWS\WinSxS\amd64_microsoft.windows.common-controls_6595b64144ccf1df_6.0.26100.4484_none_3e0e6d4ce32ef3b3;C:\Users\shres\.jdks\ms-21.0.7\bin\server

VM Arguments:
java_command: C:\Users\shres\AppData\Local\Temp\surefire10117830997468266485\surefirebooter-20250713145339216_3.jar C:\Users\shres\AppData\Local\Temp\surefire10117830997468266485 2025-07-13T14-53-38_901-jvmRun1 surefire-20250713145339216_1tmp surefire_0-20250713145339216_2tmp
java_class_path (initial): C:\Users\shres\AppData\Local\Temp\surefire10117830997468266485\surefirebooter-20250713145339216_3.jar
Launcher Type: SUN_STANDARD

[Global flags]
     intx CICompilerCount                          = 4                                         {product} {ergonomic}
     uint ConcGCThreads                            = 2                                         {product} {ergonomic}
     uint G1ConcRefinementThreads                  = 8                                         {product} {ergonomic}
   size_t G1HeapRegionSize                         = 2097152                                   {product} {ergonomic}
    uintx GCDrainStackTargetSize                   = 64                                        {product} {ergonomic}
   size_t InitialHeapSize                          = 266338304                                 {product} {ergonomic}
   size_t MarkStackSize                            = 4194304                                   {product} {ergonomic}
   size_t MaxHeapSize                              = 4236247040                                {product} {ergonomic}
   size_t MaxNewSize                               = 2541748224                                {product} {ergonomic}
   size_t MinHeapDeltaBytes                        = 2097152                                   {product} {ergonomic}
   size_t MinHeapSize                              = 8388608                                   {product} {ergonomic}
    uintx NonNMethodCodeHeapSize                   = 5839372                                {pd product} {ergonomic}
    uintx NonProfiledCodeHeapSize                  = 122909434                              {pd product} {ergonomic}
    uintx ProfiledCodeHeapSize                     = 122909434                              {pd product} {ergonomic}
    uintx ReservedCodeCacheSize                    = 251658240                              {pd product} {ergonomic}
     bool SegmentedCodeCache                       = true                                      {product} {ergonomic}
   size_t SoftMaxHeapSize                          = 4236247040                             {manageable} {ergonomic}
     bool UseCompressedOops                        = true                           {product lp64_product} {ergonomic}
     bool UseG1GC                                  = true                                      {product} {ergonomic}
     bool UseLargePagesIndividualAllocation        = false                                  {pd product} {ergonomic}

Logging:
Log output configuration:
 #0: stdout all=warning uptime,level,tags foldmultilines=false
 #1: stderr all=off uptime,level,tags foldmultilines=false

Environment Variables:
PATH=C:\Program Files\Common Files\Oracle\Java\javapath;C:\Users\shres\AppData\Local\Microsoft\WindowsApps;C:\Users\shres\AppData\Local\Programs\Microsoft VS Code\bin;C:\Users\shres\AppData\Roaming\npm;C:\Program Files\nodejs;C:\Program Files\MongoDB\Server\5.0\bin;C:\flutter\bin;C:\xampp\php;C:\ProgramData\ComposerSetup\bin;C:\Program Files (x86)\dotnet\;C:\Program Files\dotnet\;C:\WINDOWS\system32;C:\WINDOWS;C:\WINDOWS\System32\Wbem;C:\WINDOWS\System32\WindowsPowerShell\v1.0\;C:\WINDOWS\System32\OpenSSH\;C:\Program Files\Git\cmd;C:\Program Files\nodejs\;C:\Program Files\Docker\Docker\resources\bin;C:\Users\shres\AppData\Local\Microsoft\WindowsApps;C:\Users\shres\AppData\Local\Programs\Microsoft VS Code\bin;C:\Program Files\nodejs;C:\Program Files\MongoDB\Server\5.0\bin;C:\Program Files\Git\cmd;C:\Users\shres\AppData\Roaming\Composer\vendor\bin;C:\Program Files\mongosh-1.5.4-win32-x64\mongosh-1.5.4-win32-x64\bin;C:\Users\shres\AppData\Roaming\npm;
USERNAME=shres
OS=Windows_NT
PROCESSOR_IDENTIFIER=Intel64 Family 6 Model 126 Stepping 5, GenuineIntel
TMP=C:\Users\shres\AppData\Local\Temp
TEMP=C:\Users\shres\AppData\Local\Temp




Periodic native trim disabled

---------------  S Y S T E M  ---------------

OS:
 Windows 11 , 64 bit Build 26100 (10.0.26100.4484)
OS uptime: 3 days 18:52 hours
Hyper-V role detected

CPU: total 8 (initial active 8) (4 cores per cpu, 2 threads per core) family 6 model 126 stepping 5 microcode 0xa6, cx8, cmov, fxsr, ht, mmx, 3dnowpref, sse, sse2, sse3, ssse3, sse4.1, sse4.2, popcnt, lzcnt, tsc, tscinvbit, avx, avx2, aes, erms, clmul, bmi1, bmi2, adx, avx512f, avx512dq, avx512cd, avx512bw, avx512vl, sha, fma, vzeroupper, avx512_vpopcntdq, avx512_vpclmulqdq, avx512_vaes, avx512_vnni, clflush, clflushopt, avx512_vbmi2, avx512_vbmi, hv, rdtscp, rdpid, fsrm, gfni, avx512_bitalg, f16c, avx512_ifma
Processor Information for processor 0
  Max Mhz: 1498, Current Mhz: 1298, Mhz Limit: 1288
Processor Information for processor 1
  Max Mhz: 1498, Current Mhz: 1298, Mhz Limit: 1288
Processor Information for processor 2
  Max Mhz: 1498, Current Mhz: 1298, Mhz Limit: 1288
Processor Information for processor 3
  Max Mhz: 1498, Current Mhz: 1298, Mhz Limit: 1288
Processor Information for processor 4
  Max Mhz: 1498, Current Mhz: 1298, Mhz Limit: 1288
Processor Information for processor 5
  Max Mhz: 1498, Current Mhz: 1298, Mhz Limit: 1288
Processor Information for processor 6
  Max Mhz: 1498, Current Mhz: 998, Mhz Limit: 1288
Processor Information for processor 7
  Max Mhz: 1498, Current Mhz: 1298, Mhz Limit: 1288

Memory: 4k page, system-wide physical 16152M (1029M free)
TotalPageFile size 31642M (AvailPageFile size 0M)
current process WorkingSet (physical memory assigned to process): 109M, peak: 109M
current process commit charge ("private bytes"): 377M, peak: 377M

vm_info: OpenJDK 64-Bit Server VM (21.0.7+6-LTS) for windows-amd64 JRE (21.0.7+6-LTS), built on 2025-04-09T22:17:25Z by "MicrosoftCorporation" with unknown MS VC++:1939

END.
