#
# There is insufficient memory for the Java Runtime Environment to continue.
# Native memory allocation (malloc) failed to allocate 32744 bytes. Error detail: Chunk::new
# Possible reasons:
#   The system is out of physical RAM or swap space
#   This process is running with CompressedOops enabled, and the Java Heap may be blocking the growth of the native heap
# Possible solutions:
#   Reduce memory load on the system
#   Increase physical memory or swap space
#   Check if swap backing store is full
#   Decrease Java heap size (-Xmx/-Xms)
#   Decrease number of Java threads
#   Decrease Java thread stack sizes (-Xss)
#   Set larger code cache with -XX:ReservedCodeCacheSize=
#   JVM is running with Zero Based Compressed Oops mode in which the Java heap is
#     placed in the first 32GB address space. The Java Heap base address is the
#     maximum limit for the native heap growth. Please use -XX:HeapBaseMinAddress
#     to set the Java Heap base and to place the Java Heap above 32GB virtual address.
# This output file may be truncated or incomplete.
#
#  Out of Memory Error (arena.cpp:168), pid=28508, tid=6500
#
# JRE version: OpenJDK Runtime Environment Microsoft-11369940 (21.0.7+6) (build 21.0.7+6-LTS)
# Java VM: OpenJDK 64-Bit Server VM Microsoft-11369940 (21.0.7+6-LTS, mixed mode, sharing, tiered, compressed oops, compressed class ptrs, g1 gc, windows-amd64)
# No core dump will be written. Minidumps are not enabled by default on client versions of Windows
#

---------------  S U M M A R Y ------------

Command Line: -Dmaven.multiModuleProjectDirectory=D:\astra\firstJava -Djansi.passthrough=true -Dmaven.home=C:\Users\shres\.m2\wrapper\dists\apache-maven-3.9.10-bin\53h08a94dg6djh6umvruv7q564\apache-maven-3.9.10 -Dclassworlds.conf=C:\Users\shres\.m2\wrapper\dists\apache-maven-3.9.10-bin\53h08a94dg6djh6umvruv7q564\apache-maven-3.9.10\bin\m2.conf -Dmaven.ext.class.path=C:\Program Files\JetBrains\IntelliJ IDEA 2024.2.3\plugins\maven\lib\maven-event-listener.jar -javaagent:C:\Program Files\JetBrains\IntelliJ IDEA 2024.2.3\lib\idea_rt.jar=63910:C:\Program Files\JetBrains\IntelliJ IDEA 2024.2.3\bin -Dfile.encoding=UTF-8 -Dsun.stdout.encoding=UTF-8 -Dsun.stderr.encoding=UTF-8 org.codehaus.classworlds.Launcher -Didea.version=2024.2.3 clean package install

Host: Intel(R) Core(TM) i7-1065G7 CPU @ 1.30GHz, 8 cores, 15G,  Windows 11 , 64 bit Build 26100 (10.0.26100.4484)
Time: Sun Jul 13 14:53:41 2025 Nepal Standard Time elapsed time: 13.759774 seconds (0d 0h 0m 13s)

---------------  T H R E A D  ---------------

Current thread (0x000001bad5db90e0):  JavaThread "C2 CompilerThread1" daemon [_thread_in_native, id=6500, stack(0x000000a44b300000,0x000000a44b400000) (1024K)]


Current CompileTask:
C2:13759 6756       4       java.nio.CharBuffer::<init> (24 bytes)

Stack: [0x000000a44b300000,0x000000a44b400000]
Native frames: (J=compiled Java code, j=interpreted, Vv=VM code, C=native code)
V  [jvm.dll+0x6d4bb9]
V  [jvm.dll+0x8afa11]
V  [jvm.dll+0x8b1f3e]
V  [jvm.dll+0x8b2623]
V  [jvm.dll+0x280816]
V  [jvm.dll+0xc52bd]
V  [jvm.dll+0xc57f3]
V  [jvm.dll+0x2e9bc2]
V  [jvm.dll+0x867437]
V  [jvm.dll+0x247af1]
V  [jvm.dll+0x246fb8]
V  [jvm.dll+0x1c7aaf]
V  [jvm.dll+0x257819]
V  [jvm.dll+0x255bca]
V  [jvm.dll+0x3f5af6]
V  [jvm.dll+0x85916b]
V  [jvm.dll+0x6d327d]
C  [ucrtbase.dll+0x37b0]
C  [KERNEL32.DLL+0x2e8d7]
C  [ntdll.dll+0x3c34c]


---------------  P R O C E S S  ---------------

Threads class SMR info:
_java_thread_list=0x000001bad60b1240, length=21, elements={
0x000001baeab21850, 0x000001bafb76d9f0, 0x000001bafb76e640, 0x000001bafb7713d0,
0x000001bafb778500, 0x000001bafb799f70, 0x000001bafb79c9d0, 0x000001bafb7a11e0,
0x000001bafb7a1c70, 0x000001bad413e8d0, 0x000001bad424f900, 0x000001bad424ff60,
0x000001bad508e710, 0x000001bad490fe70, 0x000001bad5e224d0, 0x000001bad5db90e0,
0x000001bad5c61d60, 0x000001bad630b9b0, 0x000001bad5c7a480, 0x000001bad42d74e0,
0x000001bad42d5aa0
}

Java Threads: ( => current thread )
  0x000001baeab21850 JavaThread "main"                              [_thread_in_native, id=32980, stack(0x000000a44a000000,0x000000a44a100000) (1024K)]
  0x000001bafb76d9f0 JavaThread "Reference Handler"          daemon [_thread_blocked, id=10264, stack(0x000000a44a800000,0x000000a44a900000) (1024K)]
  0x000001bafb76e640 JavaThread "Finalizer"                  daemon [_thread_blocked, id=4124, stack(0x000000a44a900000,0x000000a44aa00000) (1024K)]
  0x000001bafb7713d0 JavaThread "Signal Dispatcher"          daemon [_thread_blocked, id=31076, stack(0x000000a44aa00000,0x000000a44ab00000) (1024K)]
  0x000001bafb778500 JavaThread "Attach Listener"            daemon [_thread_blocked, id=31048, stack(0x000000a44ab00000,0x000000a44ac00000) (1024K)]
  0x000001bafb799f70 JavaThread "Service Thread"             daemon [_thread_blocked, id=9224, stack(0x000000a44ac00000,0x000000a44ad00000) (1024K)]
  0x000001bafb79c9d0 JavaThread "Monitor Deflation Thread"   daemon [_thread_blocked, id=9284, stack(0x000000a44ad00000,0x000000a44ae00000) (1024K)]
  0x000001bafb7a11e0 JavaThread "C2 CompilerThread0"         daemon [_thread_in_native, id=31212, stack(0x000000a44ae00000,0x000000a44af00000) (1024K)]
  0x000001bafb7a1c70 JavaThread "C1 CompilerThread0"         daemon [_thread_blocked, id=30588, stack(0x000000a44af00000,0x000000a44b000000) (1024K)]
  0x000001bad413e8d0 JavaThread "Common-Cleaner"             daemon [_thread_blocked, id=18888, stack(0x000000a44b000000,0x000000a44b100000) (1024K)]
  0x000001bad424f900 JavaThread "Monitor Ctrl-Break"         daemon [_thread_in_native, id=29500, stack(0x000000a44b100000,0x000000a44b200000) (1024K)]
  0x000001bad424ff60 JavaThread "Notification Thread"        daemon [_thread_blocked, id=18640, stack(0x000000a44b200000,0x000000a44b300000) (1024K)]
  0x000001bad508e710 JavaThread "Thread-1"                   daemon [_thread_blocked, id=7860, stack(0x000000a44b400000,0x000000a44b500000) (1024K)]
  0x000001bad490fe70 JavaThread "timeout-check-timer"        daemon [_thread_blocked, id=16436, stack(0x000000a44bc00000,0x000000a44bd00000) (1024K)]
  0x000001bad5e224d0 JavaThread "ping-timer-10s"             daemon [_thread_blocked, id=12188, stack(0x000000a44be00000,0x000000a44bf00000) (1024K)]
=>0x000001bad5db90e0 JavaThread "C2 CompilerThread1"         daemon [_thread_in_native, id=6500, stack(0x000000a44b300000,0x000000a44b400000) (1024K)]
  0x000001bad5c61d60 JavaThread "C2 CompilerThread2"         daemon [_thread_in_native, id=32820, stack(0x000000a44bf00000,0x000000a44c000000) (1024K)]
  0x000001bad630b9b0 JavaThread "ThreadedStreamConsumer"     daemon [_thread_blocked, id=8292, stack(0x000000a44c000000,0x000000a44c100000) (1024K)]
  0x000001bad5c7a480 JavaThread "fork-1-err-thread"          daemon [_thread_in_native, id=36212, stack(0x000000a44c100000,0x000000a44c200000) (1024K)]
  0x000001bad42d74e0 JavaThread "commands-fork-1"            daemon [_thread_blocked, id=26444, stack(0x000000a44c200000,0x000000a44c300000) (1024K)]
  0x000001bad42d5aa0 JavaThread "fork-1-event-thread"        daemon [_thread_in_vm, id=31388, stack(0x000000a44c300000,0x000000a44c400000) (1024K)]
Total: 21

Other Threads:
  0x000001bafb749bf0 VMThread "VM Thread"                           [id=29564, stack(0x000000a44a700000,0x000000a44a800000) (1024K)]
  0x000001bafb73b3d0 WatcherThread "VM Periodic Task Thread"        [id=32360, stack(0x000000a44a600000,0x000000a44a700000) (1024K)]
  0x000001baeab84bb0 WorkerThread "GC Thread#0"                     [id=36532, stack(0x000000a44a100000,0x000000a44a200000) (1024K)]
  0x000001bad4b54270 WorkerThread "GC Thread#1"                     [id=28172, stack(0x000000a44b500000,0x000000a44b600000) (1024K)]
  0x000001bad4b54610 WorkerThread "GC Thread#2"                     [id=14288, stack(0x000000a44b600000,0x000000a44b700000) (1024K)]
  0x000001bad4b54e30 WorkerThread "GC Thread#3"                     [id=3276, stack(0x000000a44b700000,0x000000a44b800000) (1024K)]
  0x000001bad4b551d0 WorkerThread "GC Thread#4"                     [id=9684, stack(0x000000a44b800000,0x000000a44b900000) (1024K)]
  0x000001bad4663630 WorkerThread "GC Thread#5"                     [id=23932, stack(0x000000a44b900000,0x000000a44ba00000) (1024K)]
  0x000001bad4a6d6d0 WorkerThread "GC Thread#6"                     [id=8904, stack(0x000000a44ba00000,0x000000a44bb00000) (1024K)]
  0x000001bad4d63bf0 WorkerThread "GC Thread#7"                     [id=12564, stack(0x000000a44bb00000,0x000000a44bc00000) (1024K)]
  0x000001baeab95a30 ConcurrentGCThread "G1 Main Marker"            [id=16356, stack(0x000000a44a200000,0x000000a44a300000) (1024K)]
  0x000001baeab98600 WorkerThread "G1 Conc#0"                       [id=21768, stack(0x000000a44a300000,0x000000a44a400000) (1024K)]
  0x000001bad5a186f0 WorkerThread "G1 Conc#1"                       [id=32952, stack(0x000000a44bd00000,0x000000a44be00000) (1024K)]
  0x000001baeabdea00 ConcurrentGCThread "G1 Refine#0"               [id=23500, stack(0x000000a44a400000,0x000000a44a500000) (1024K)]
  0x000001bafb6069a0 ConcurrentGCThread "G1 Service"                [id=29168, stack(0x000000a44a500000,0x000000a44a600000) (1024K)]
Total: 15

Threads with active compile tasks:
C2 CompilerThread0  13788 6694       4       org.codehaus.plexus.classworlds.realm.ClassRealm::loadClass (7 bytes)
C2 CompilerThread1  13788 6756       4       java.nio.CharBuffer::<init> (24 bytes)
C2 CompilerThread2  13788 6743   !   4       java.lang.ClassLoader::loadClass (121 bytes)
Total: 3

VM state: not at safepoint (normal execution)

VM Mutex/Monitor currently owned by a thread: None

Heap address: 0x0000000703800000, size: 4040 MB, Compressed Oops mode: Zero based, Oop shift amount: 3

CDS archive(s) mapped at: [0x000001ba8f000000-0x000001ba8fc80000-0x000001ba8fc80000), size 13107200, SharedBaseAddress: 0x000001ba8f000000, ArchiveRelocationMode: 1.
Compressed class space mapped at: 0x000001ba90000000-0x000001bad0000000, reserved size: 1073741824
Narrow klass base: 0x000001ba8f000000, Narrow klass shift: 0, Narrow klass range: 0x100000000

GC Precious Log:
 CardTable entry size: 512
 Card Set container configuration: InlinePtr #cards 4 size 8 Array Of Cards #cards 16 size 48 Howl #buckets 8 coarsen threshold 3686 Howl Bitmap #cards 512 size 80 coarsen threshold 460 Card regions per heap region 1 cards per card region 4096
 CPUs: 8 total, 8 available
 Memory: 16152M
 Large Page Support: Disabled
 NUMA Support: Disabled
 Compressed Oops: Enabled (Zero based)
 Heap Region Size: 2M
 Heap Min Capacity: 8M
 Heap Initial Capacity: 254M
 Heap Max Capacity: 4040M
 Pre-touch: Disabled
 Parallel Workers: 8
 Concurrent Workers: 2
 Concurrent Refinement Workers: 8
 Periodic GC: Disabled

Heap:
 garbage-first heap   total 110592K, used 57344K [0x0000000703800000, 0x0000000800000000)
  region size 2048K, 8 young (16384K), 1 survivors (2048K)
 Metaspace       used 34125K, committed 34560K, reserved 1114112K
  class space    used 3833K, committed 4032K, reserved 1048576K

Heap Regions: E=young(eden), S=young(survivor), O=old, HS=humongous(starts), HC=humongous(continues), CS=collection set, F=free, TAMS=top-at-mark-start, PB=parsable bottom
|   0|0x0000000703800000, 0x0000000703a00000, 0x0000000703a00000|100%| O|  |TAMS 0x0000000703800000| PB 0x0000000703800000| Untracked 
|   1|0x0000000703a00000, 0x0000000703c00000, 0x0000000703c00000|100%| O|  |TAMS 0x0000000703a00000| PB 0x0000000703a00000| Untracked 
|   2|0x0000000703c00000, 0x0000000703e00000, 0x0000000703e00000|100%|HS|  |TAMS 0x0000000703c00000| PB 0x0000000703c00000| Complete 
|   3|0x0000000703e00000, 0x0000000704000000, 0x0000000704000000|100%|HS|  |TAMS 0x0000000703e00000| PB 0x0000000703e00000| Complete 
|   4|0x0000000704000000, 0x0000000704200000, 0x0000000704200000|100%| O|  |TAMS 0x0000000704000000| PB 0x0000000704000000| Untracked 
|   5|0x0000000704200000, 0x0000000704400000, 0x0000000704400000|100%| O|  |TAMS 0x0000000704200000| PB 0x0000000704200000| Untracked 
|   6|0x0000000704400000, 0x0000000704600000, 0x0000000704600000|100%| O|  |TAMS 0x0000000704400000| PB 0x0000000704400000| Untracked 
|   7|0x0000000704600000, 0x0000000704800000, 0x0000000704800000|100%| O|  |TAMS 0x0000000704600000| PB 0x0000000704600000| Untracked 
|   8|0x0000000704800000, 0x0000000704a00000, 0x0000000704a00000|100%| O|  |TAMS 0x0000000704800000| PB 0x0000000704800000| Untracked 
|   9|0x0000000704a00000, 0x0000000704c00000, 0x0000000704c00000|100%| O|  |TAMS 0x0000000704a00000| PB 0x0000000704a00000| Untracked 
|  10|0x0000000704c00000, 0x0000000704c00000, 0x0000000704e00000|  0%| F|  |TAMS 0x0000000704c00000| PB 0x0000000704c00000| Untracked 
|  11|0x0000000704e00000, 0x0000000704e00000, 0x0000000705000000|  0%| F|  |TAMS 0x0000000704e00000| PB 0x0000000704e00000| Untracked 
|  12|0x0000000705000000, 0x0000000705000000, 0x0000000705200000|  0%| F|  |TAMS 0x0000000705000000| PB 0x0000000705000000| Untracked 
|  13|0x0000000705200000, 0x0000000705200000, 0x0000000705400000|  0%| F|  |TAMS 0x0000000705200000| PB 0x0000000705200000| Untracked 
|  14|0x0000000705400000, 0x0000000705600000, 0x0000000705600000|100%| O|  |TAMS 0x0000000705400000| PB 0x0000000705400000| Untracked 
|  15|0x0000000705600000, 0x0000000705800000, 0x0000000705800000|100%| O|  |TAMS 0x0000000705600000| PB 0x0000000705600000| Untracked 
|  16|0x0000000705800000, 0x0000000705800000, 0x0000000705a00000|  0%| F|  |TAMS 0x0000000705800000| PB 0x0000000705800000| Untracked 
|  17|0x0000000705a00000, 0x0000000705a00000, 0x0000000705c00000|  0%| F|  |TAMS 0x0000000705a00000| PB 0x0000000705a00000| Untracked 
|  18|0x0000000705c00000, 0x0000000705c00000, 0x0000000705e00000|  0%| F|  |TAMS 0x0000000705c00000| PB 0x0000000705c00000| Untracked 
|  19|0x0000000705e00000, 0x0000000705e00000, 0x0000000706000000|  0%| F|  |TAMS 0x0000000705e00000| PB 0x0000000705e00000| Untracked 
|  20|0x0000000706000000, 0x0000000706000000, 0x0000000706200000|  0%| F|  |TAMS 0x0000000706000000| PB 0x0000000706000000| Untracked 
|  21|0x0000000706200000, 0x0000000706200000, 0x0000000706400000|  0%| F|  |TAMS 0x0000000706200000| PB 0x0000000706200000| Untracked 
|  22|0x0000000706400000, 0x0000000706400000, 0x0000000706600000|  0%| F|  |TAMS 0x0000000706400000| PB 0x0000000706400000| Untracked 
|  23|0x0000000706600000, 0x0000000706600000, 0x0000000706800000|  0%| F|  |TAMS 0x0000000706600000| PB 0x0000000706600000| Untracked 
|  24|0x0000000706800000, 0x0000000706a00000, 0x0000000706a00000|100%| S|CS|TAMS 0x0000000706800000| PB 0x0000000706800000| Complete 
|  25|0x0000000706a00000, 0x0000000706a00000, 0x0000000706c00000|  0%| F|  |TAMS 0x0000000706a00000| PB 0x0000000706a00000| Untracked 
|  26|0x0000000706c00000, 0x0000000706c00000, 0x0000000706e00000|  0%| F|  |TAMS 0x0000000706c00000| PB 0x0000000706c00000| Untracked 
|  27|0x0000000706e00000, 0x0000000706e00000, 0x0000000707000000|  0%| F|  |TAMS 0x0000000706e00000| PB 0x0000000706e00000| Untracked 
|  28|0x0000000707000000, 0x0000000707000000, 0x0000000707200000|  0%| F|  |TAMS 0x0000000707000000| PB 0x0000000707000000| Untracked 
|  29|0x0000000707200000, 0x0000000707200000, 0x0000000707400000|  0%| F|  |TAMS 0x0000000707200000| PB 0x0000000707200000| Untracked 
|  30|0x0000000707400000, 0x0000000707400000, 0x0000000707600000|  0%| F|  |TAMS 0x0000000707400000| PB 0x0000000707400000| Untracked 
|  31|0x0000000707600000, 0x0000000707600000, 0x0000000707800000|  0%| F|  |TAMS 0x0000000707600000| PB 0x0000000707600000| Untracked 
|  32|0x0000000707800000, 0x0000000707800000, 0x0000000707a00000|  0%| F|  |TAMS 0x0000000707800000| PB 0x0000000707800000| Untracked 
|  33|0x0000000707a00000, 0x0000000707a00000, 0x0000000707c00000|  0%| F|  |TAMS 0x0000000707a00000| PB 0x0000000707a00000| Untracked 
|  34|0x0000000707c00000, 0x0000000707c00000, 0x0000000707e00000|  0%| F|  |TAMS 0x0000000707c00000| PB 0x0000000707c00000| Untracked 
|  35|0x0000000707e00000, 0x0000000707e00000, 0x0000000708000000|  0%| F|  |TAMS 0x0000000707e00000| PB 0x0000000707e00000| Untracked 
|  54|0x000000070a400000, 0x000000070a400000, 0x000000070a600000|  0%| F|  |TAMS 0x000000070a400000| PB 0x000000070a400000| Untracked 
|  55|0x000000070a600000, 0x000000070a600000, 0x000000070a800000|  0%| F|  |TAMS 0x000000070a600000| PB 0x000000070a600000| Untracked 
|  56|0x000000070a800000, 0x000000070a9a0288, 0x000000070aa00000| 81%| E|  |TAMS 0x000000070a800000| PB 0x000000070a800000| Complete 
|  57|0x000000070aa00000, 0x000000070ac00000, 0x000000070ac00000|100%| E|CS|TAMS 0x000000070aa00000| PB 0x000000070aa00000| Complete 
|  58|0x000000070ac00000, 0x000000070ae00000, 0x000000070ae00000|100%| E|CS|TAMS 0x000000070ac00000| PB 0x000000070ac00000| Complete 
|  59|0x000000070ae00000, 0x000000070b000000, 0x000000070b000000|100%| E|CS|TAMS 0x000000070ae00000| PB 0x000000070ae00000| Complete 
|  60|0x000000070b000000, 0x000000070b200000, 0x000000070b200000|100%| E|CS|TAMS 0x000000070b000000| PB 0x000000070b000000| Complete 
|  61|0x000000070b200000, 0x000000070b400000, 0x000000070b400000|100%| E|CS|TAMS 0x000000070b200000| PB 0x000000070b200000| Complete 
| 126|0x0000000713400000, 0x0000000713600000, 0x0000000713600000|100%| E|CS|TAMS 0x0000000713400000| PB 0x0000000713400000| Complete 
|2011|0x00000007fee00000, 0x00000007ff000000, 0x00000007ff000000|100%| O|  |TAMS 0x00000007fee00000| PB 0x00000007fee00000| Untracked 
|2012|0x00000007ff000000, 0x00000007ff200000, 0x00000007ff200000|100%| O|  |TAMS 0x00000007ff000000| PB 0x00000007ff000000| Untracked 
|2013|0x00000007ff200000, 0x00000007ff400000, 0x00000007ff400000|100%| O|  |TAMS 0x00000007ff200000| PB 0x00000007ff200000| Untracked 
|2014|0x00000007ff400000, 0x00000007ff600000, 0x00000007ff600000|100%| O|  |TAMS 0x00000007ff400000| PB 0x00000007ff400000| Untracked 
|2015|0x00000007ff600000, 0x00000007ff800000, 0x00000007ff800000|100%| O|  |TAMS 0x00000007ff600000| PB 0x00000007ff600000| Untracked 
|2016|0x00000007ff800000, 0x00000007ffa00000, 0x00000007ffa00000|100%| O|  |TAMS 0x00000007ff800000| PB 0x00000007ff800000| Untracked 
|2017|0x00000007ffa00000, 0x00000007ffc00000, 0x00000007ffc00000|100%| O|  |TAMS 0x00000007ffa00000| PB 0x00000007ffa00000| Untracked 
|2018|0x00000007ffc00000, 0x00000007ffe00000, 0x00000007ffe00000|100%| O|  |TAMS 0x00000007ffc00000| PB 0x00000007ffc00000| Untracked 
|2019|0x00000007ffe00000, 0x0000000800000000, 0x0000000800000000|100%| O|  |TAMS 0x00000007ffe00000| PB 0x00000007ffe00000| Untracked 

Card table byte_map: [0x000001baf4580000,0x000001baf4d70000] _byte_map_base: 0x000001baf0d64000

Marking Bits: (CMBitMap*) 0x000001baeab851c0
 Bits: [0x000001baf4d70000, 0x000001baf8c90000)

Polling page: 0x000001bae92b0000

Metaspace:

Usage:
  Non-class:     29.58 MB used.
      Class:      3.74 MB used.
       Both:     33.33 MB used.

Virtual space:
  Non-class space:       64.00 MB reserved,      29.81 MB ( 47%) committed,  1 nodes.
      Class space:        1.00 GB reserved,       3.94 MB ( <1%) committed,  1 nodes.
             Both:        1.06 GB reserved,      33.75 MB (  3%) committed. 

Chunk freelists:
   Non-Class:  1.86 MB
       Class:  11.91 MB
        Both:  13.77 MB

MaxMetaspaceSize: unlimited
CompressedClassSpaceSize: 1.00 GB
Initial GC threshold: 21.00 MB
Current GC threshold: 35.25 MB
CDS: on
 - commit_granule_bytes: 65536.
 - commit_granule_words: 8192.
 - virtual_space_node_default_size: 8388608.
 - enlarge_chunks_in_place: 1.
 - use_allocation_guard: 0.


Internal statistics:

num_allocs_failed_limit: 3.
num_arena_births: 286.
num_arena_deaths: 0.
num_vsnodes_births: 2.
num_vsnodes_deaths: 0.
num_space_committed: 540.
num_space_uncommitted: 0.
num_chunks_returned_to_freelist: 3.
num_chunks_taken_from_freelist: 1472.
num_chunk_merges: 3.
num_chunk_splits: 1069.
num_chunks_enlarged: 865.
num_inconsistent_stats: 0.

CodeHeap 'non-profiled nmethods': size=120000Kb used=3878Kb max_used=3878Kb free=116121Kb
 bounds [0x000001ba87ad0000, 0x000001ba87ea0000, 0x000001ba8f000000]
CodeHeap 'profiled nmethods': size=120000Kb used=14111Kb max_used=14111Kb free=105889Kb
 bounds [0x000001ba80000000, 0x000001ba80dd0000, 0x000001ba87530000]
CodeHeap 'non-nmethods': size=5760Kb used=1689Kb max_used=1704Kb free=4070Kb
 bounds [0x000001ba87530000, 0x000001ba877a0000, 0x000001ba87ad0000]
 total_blobs=7340 nmethods=6752 adapters=492
 compilation: enabled
              stopped_count=0, restarted_count=0
 full_count=0

Compilation events (20 events):
Event: 12.185 Thread 0x000001bad5db90e0 nmethod 6745 0x000001ba87e96e10 code [0x000001ba87e970c0, 0x000001ba87e983c0]
Event: 12.185 Thread 0x000001bad5db90e0 6746       4       java.security.AccessController::checkContext (49 bytes)
Event: 12.186 Thread 0x000001bad5db90e0 nmethod 6746 0x000001ba87e98f90 code [0x000001ba87e99100, 0x000001ba87e99168]
Event: 12.327 Thread 0x000001bafb7a1c70 6748       1       java.util.concurrent.atomic.AtomicInteger::get (5 bytes)
Event: 12.327 Thread 0x000001bafb7a1c70 nmethod 6748 0x000001ba87e99290 code [0x000001ba87e99420, 0x000001ba87e994e8]
Event: 13.092 Thread 0x000001bafb7a1c70 6749       3       java.util.concurrent.ConcurrentLinkedQueue::updateHead (26 bytes)
Event: 13.093 Thread 0x000001bafb7a1c70 nmethod 6749 0x000001ba80dc3410 code [0x000001ba80dc3780, 0x000001ba80dc4dc0]
Event: 13.175 Thread 0x000001bad5db90e0 6750       4       java.nio.Buffer::remaining (20 bytes)
Event: 13.175 Thread 0x000001bad5db90e0 nmethod 6750 0x000001ba87e99590 code [0x000001ba87e99720, 0x000001ba87e997b8]
Event: 13.179 Thread 0x000001bafb7a1c70 6751       3       java.lang.AbstractStringBuilder::append (45 bytes)
Event: 13.179 Thread 0x000001bafb7a1c70 nmethod 6751 0x000001ba80dc5490 code [0x000001ba80dc56a0, 0x000001ba80dc5bd0]
Event: 13.180 Thread 0x000001bafb7a1c70 6752       3       java.lang.String::getBytes (44 bytes)
Event: 13.180 Thread 0x000001bafb7a1c70 nmethod 6752 0x000001ba80dc5e10 code [0x000001ba80dc5fe0, 0x000001ba80dc62f0]
Event: 13.452 Thread 0x000001bafb7a1c70 6753       3       java.lang.Class::protectionDomain (48 bytes)
Event: 13.453 Thread 0x000001bafb7a1c70 nmethod 6753 0x000001ba80dc6410 code [0x000001ba80dc6660, 0x000001ba80dc6cd0]
Event: 13.453 Thread 0x000001bafb7a1c70 6754       3       java.lang.invoke.DelegatingMethodHandle::<init> (10 bytes)
Event: 13.453 Thread 0x000001bafb7a1c70 nmethod 6754 0x000001ba80dc6f10 code [0x000001ba80dc70e0, 0x000001ba80dc74a8]
Event: 13.453 Thread 0x000001bafb7a1c70 6755       3       java.lang.invoke.DelegatingMethodHandle::chooseDelegatingForm (24 bytes)
Event: 13.453 Thread 0x000001bafb7a1c70 nmethod 6755 0x000001ba80dc7610 code [0x000001ba80dc77e0, 0x000001ba80dc7b00]
Event: 13.758 Thread 0x000001bad5db90e0 6756       4       java.nio.CharBuffer::<init> (24 bytes)

GC Heap History (12 events):
Event: 1.543 GC heap before
{Heap before GC invocations=0 (full 0):
 garbage-first heap   total 260096K, used 22528K [0x0000000703800000, 0x0000000800000000)
  region size 2048K, 11 young (22528K), 0 survivors (0K)
 Metaspace       used 5937K, committed 6080K, reserved 1114112K
  class space    used 677K, committed 768K, reserved 1048576K
}
Event: 1.548 GC heap after
{Heap after GC invocations=1 (full 0):
 garbage-first heap   total 260096K, used 3876K [0x0000000703800000, 0x0000000800000000)
  region size 2048K, 2 young (4096K), 2 survivors (4096K)
 Metaspace       used 5937K, committed 6080K, reserved 1114112K
  class space    used 677K, committed 768K, reserved 1048576K
}
Event: 2.538 GC heap before
{Heap before GC invocations=1 (full 0):
 garbage-first heap   total 260096K, used 38692K [0x0000000703800000, 0x0000000800000000)
  region size 2048K, 19 young (38912K), 2 survivors (4096K)
 Metaspace       used 10073K, committed 10240K, reserved 1114112K
  class space    used 1177K, committed 1216K, reserved 1048576K
}
Event: 2.547 GC heap after
{Heap after GC invocations=2 (full 0):
 garbage-first heap   total 260096K, used 5490K [0x0000000703800000, 0x0000000800000000)
  region size 2048K, 1 young (2048K), 1 survivors (2048K)
 Metaspace       used 10073K, committed 10240K, reserved 1114112K
  class space    used 1177K, committed 1216K, reserved 1048576K
}
Event: 6.759 GC heap before
{Heap before GC invocations=2 (full 0):
 garbage-first heap   total 260096K, used 138610K [0x0000000703800000, 0x0000000800000000)
  region size 2048K, 65 young (133120K), 1 survivors (2048K)
 Metaspace       used 21191K, committed 21504K, reserved 1114112K
  class space    used 2390K, committed 2560K, reserved 1048576K
}
Event: 6.774 GC heap after
{Heap after GC invocations=3 (full 0):
 garbage-first heap   total 260096K, used 23660K [0x0000000703800000, 0x0000000800000000)
  region size 2048K, 8 young (16384K), 8 survivors (16384K)
 Metaspace       used 21191K, committed 21504K, reserved 1114112K
  class space    used 2390K, committed 2560K, reserved 1048576K
}
Event: 8.944 GC heap before
{Heap before GC invocations=4 (full 0):
 garbage-first heap   total 81920K, used 81004K [0x0000000703800000, 0x0000000800000000)
  region size 2048K, 36 young (73728K), 8 survivors (16384K)
 Metaspace       used 28746K, committed 29120K, reserved 1114112K
  class space    used 3268K, committed 3456K, reserved 1048576K
}
Event: 8.975 GC heap after
{Heap after GC invocations=5 (full 0):
 garbage-first heap   total 108544K, used 30180K [0x0000000703800000, 0x0000000800000000)
  region size 2048K, 5 young (10240K), 5 survivors (10240K)
 Metaspace       used 28746K, committed 29120K, reserved 1114112K
  class space    used 3268K, committed 3456K, reserved 1048576K
}
Event: 10.292 GC heap before
{Heap before GC invocations=5 (full 0):
 garbage-first heap   total 108544K, used 85476K [0x0000000703800000, 0x0000000800000000)
  region size 2048K, 31 young (63488K), 5 survivors (10240K)
 Metaspace       used 29948K, committed 30336K, reserved 1114112K
  class space    used 3387K, committed 3584K, reserved 1048576K
}
Event: 10.315 GC heap after
{Heap after GC invocations=6 (full 0):
 garbage-first heap   total 110592K, used 44753K [0x0000000703800000, 0x0000000800000000)
  region size 2048K, 4 young (8192K), 4 survivors (8192K)
 Metaspace       used 29948K, committed 30336K, reserved 1114112K
  class space    used 3387K, committed 3584K, reserved 1048576K
}
Event: 11.705 GC heap before
{Heap before GC invocations=6 (full 0):
 garbage-first heap   total 110592K, used 85713K [0x0000000703800000, 0x0000000800000000)
  region size 2048K, 24 young (49152K), 4 survivors (8192K)
 Metaspace       used 32319K, committed 32704K, reserved 1114112K
  class space    used 3614K, committed 3776K, reserved 1048576K
}
Event: 11.714 GC heap after
{Heap after GC invocations=7 (full 0):
 garbage-first heap   total 110592K, used 45056K [0x0000000703800000, 0x0000000800000000)
  region size 2048K, 1 young (2048K), 1 survivors (2048K)
 Metaspace       used 32319K, committed 32704K, reserved 1114112K
  class space    used 3614K, committed 3776K, reserved 1048576K
}

Dll operation events (12 events):
Event: 0.017 Loaded shared library C:\Users\shres\.jdks\ms-21.0.7\bin\java.dll
Event: 0.074 Loaded shared library C:\Users\shres\.jdks\ms-21.0.7\bin\jsvml.dll
Event: 0.141 Loaded shared library C:\Users\shres\.jdks\ms-21.0.7\bin\zip.dll
Event: 0.147 Loaded shared library C:\Users\shres\.jdks\ms-21.0.7\bin\instrument.dll
Event: 0.153 Loaded shared library C:\Users\shres\.jdks\ms-21.0.7\bin\net.dll
Event: 0.156 Loaded shared library C:\Users\shres\.jdks\ms-21.0.7\bin\nio.dll
Event: 0.159 Loaded shared library C:\Users\shres\.jdks\ms-21.0.7\bin\zip.dll
Event: 0.180 Loaded shared library C:\Program Files\JetBrains\IntelliJ IDEA 2024.2.3\bin\breakgen64.dll
Event: 0.194 Loaded shared library C:\Users\shres\.jdks\ms-21.0.7\bin\extnet.dll
Event: 0.349 Loaded shared library C:\Users\shres\.jdks\ms-21.0.7\bin\jimage.dll
Event: 0.679 Loaded shared library C:\Users\shres\AppData\Local\Temp\jansi-2.4.2-db282e25b3b65111-jansi.dll
Event: 0.708 Loaded shared library C:\Users\shres\.jdks\ms-21.0.7\bin\verify.dll

Deoptimization events (20 events):
Event: 12.169 Thread 0x000001bad5c7a480 Uncommon trap: trap_request=0xffffff45 fr.pc=0x000001ba87b055b8 relative=0x0000000000000118
Event: 12.169 Thread 0x000001bad5c7a480 Uncommon trap: reason=unstable_if action=reinterpret pc=0x000001ba87b055b8 method=java.lang.String.getBytes([BIB)V @ 5 c2
Event: 12.169 Thread 0x000001bad5c7a480 DEOPT PACKING pc=0x000001ba87b055b8 sp=0x000000a44c1ff1e0
Event: 12.169 Thread 0x000001bad5c7a480 DEOPT UNPACKING pc=0x000001ba87587da2 sp=0x000000a44c1ff1a8 mode 2
Event: 12.169 Thread 0x000001bad5c7a480 Uncommon trap: trap_request=0xffffff45 fr.pc=0x000001ba87bbda2c relative=0x000000000000056c
Event: 12.169 Thread 0x000001bad5c7a480 Uncommon trap: reason=unstable_if action=reinterpret pc=0x000001ba87bbda2c method=java.lang.String.<init>(Ljava/lang/AbstractStringBuilder;Ljava/lang/Void;)V @ 19 c2
Event: 12.169 Thread 0x000001bad5c7a480 DEOPT PACKING pc=0x000001ba87bbda2c sp=0x000000a44c1ff320
Event: 12.169 Thread 0x000001bad5c7a480 DEOPT UNPACKING pc=0x000001ba87587da2 sp=0x000000a44c1ff218 mode 2
Event: 12.169 Thread 0x000001bad5c7a480 Uncommon trap: trap_request=0xffffff76 fr.pc=0x000001ba87e44c4c relative=0x0000000000001e4c
Event: 12.169 Thread 0x000001bad5c7a480 Uncommon trap: reason=predicate action=maybe_recompile pc=0x000001ba87e44c4c method=java.util.regex.Pattern.compile()V @ 78 c2
Event: 12.169 Thread 0x000001bad5c7a480 DEOPT PACKING pc=0x000001ba87e44c4c sp=0x000000a44c1ff310
Event: 12.169 Thread 0x000001bad5c7a480 DEOPT UNPACKING pc=0x000001ba87587da2 sp=0x000000a44c1ff2f0 mode 2
Event: 12.169 Thread 0x000001bad5c7a480 Uncommon trap: trap_request=0xffffff45 fr.pc=0x000001ba87c766e8 relative=0x00000000000000c8
Event: 12.169 Thread 0x000001bad5c7a480 Uncommon trap: reason=unstable_if action=reinterpret pc=0x000001ba87c766e8 method=java.lang.String.codePointAt(I)I @ 4 c2
Event: 12.169 Thread 0x000001bad5c7a480 DEOPT PACKING pc=0x000001ba87c766e8 sp=0x000000a44c1ff2f0
Event: 12.169 Thread 0x000001bad5c7a480 DEOPT UNPACKING pc=0x000001ba87587da2 sp=0x000000a44c1ff288 mode 2
Event: 13.757 Thread 0x000001bad42d5aa0 Uncommon trap: trap_request=0xffffffde fr.pc=0x000001ba87e957c4 relative=0x00000000000000a4
Event: 13.757 Thread 0x000001bad42d5aa0 Uncommon trap: reason=class_check action=maybe_recompile pc=0x000001ba87e957c4 method=java.lang.Character.getType(I)I @ 5 c2
Event: 13.757 Thread 0x000001bad42d5aa0 DEOPT PACKING pc=0x000001ba87e957c4 sp=0x000000a44c3feaa0
Event: 13.757 Thread 0x000001bad42d5aa0 DEOPT UNPACKING pc=0x000001ba87587da2 sp=0x000000a44c3fea38 mode 2

Classes loaded (20 events):
Event: 12.132 Loading class jdk/internal/logger/LoggerFinderLoader
Event: 12.133 Loading class jdk/internal/logger/LoggerFinderLoader done
Event: 12.133 Loading class jdk/internal/logger/LoggerFinderLoader$TemporaryLoggerFinder
Event: 12.133 Loading class jdk/internal/logger/LoggerFinderLoader$TemporaryLoggerFinder done
Event: 12.134 Loading class sun/util/logging/internal/LoggingProviderImpl$JULWrapper
Event: 12.134 Loading class sun/util/logging/PlatformLogger$ConfigurableBridge$LoggerConfiguration
Event: 12.134 Loading class sun/util/logging/PlatformLogger$ConfigurableBridge$LoggerConfiguration done
Event: 12.134 Loading class sun/util/logging/internal/LoggingProviderImpl$JULWrapper done
Event: 12.134 Loading class java/lang/System$Logger$Level
Event: 12.135 Loading class java/lang/System$Logger$Level done
Event: 12.135 Loading class java/nio/channels/ClosedChannelException
Event: 12.135 Loading class java/nio/channels/ClosedChannelException done
Event: 12.137 Loading class java/nio/channels/NonReadableChannelException
Event: 12.137 Loading class java/nio/channels/NonReadableChannelException done
Event: 12.137 Loading class java/nio/channels/NonWritableChannelException
Event: 12.138 Loading class java/nio/channels/NonWritableChannelException done
Event: 12.165 Loading class java/util/Scanner
Event: 12.166 Loading class java/util/Scanner done
Event: 12.168 Loading class java/util/Scanner$PatternLRUCache
Event: 12.168 Loading class java/util/Scanner$PatternLRUCache done

Classes unloaded (0 events):
No events

Classes redefined (0 events):
No events

Internal exceptions (20 events):
Event: 11.047 Thread 0x000001baeab21850 Exception <a 'sun/nio/fs/WindowsException'{0x0000000707eeb9c0}> (0x0000000707eeb9c0) 
thrown [s\src\hotspot\share\prims\jni.cpp, line 520]
Event: 11.047 Thread 0x000001baeab21850 Exception <a 'sun/nio/fs/WindowsException'{0x0000000707eec2e8}> (0x0000000707eec2e8) 
thrown [s\src\hotspot\share\prims\jni.cpp, line 520]
Event: 11.047 Thread 0x000001baeab21850 Exception <a 'sun/nio/fs/WindowsException'{0x0000000707eeccc8}> (0x0000000707eeccc8) 
thrown [s\src\hotspot\share\prims\jni.cpp, line 520]
Event: 11.053 Thread 0x000001baeab21850 Exception <a 'sun/nio/fs/WindowsException'{0x0000000707f0d770}> (0x0000000707f0d770) 
thrown [s\src\hotspot\share\prims\jni.cpp, line 520]
Event: 11.053 Thread 0x000001baeab21850 Exception <a 'sun/nio/fs/WindowsException'{0x0000000707f0e098}> (0x0000000707f0e098) 
thrown [s\src\hotspot\share\prims\jni.cpp, line 520]
Event: 11.054 Thread 0x000001baeab21850 Exception <a 'sun/nio/fs/WindowsException'{0x0000000707f0ea78}> (0x0000000707f0ea78) 
thrown [s\src\hotspot\share\prims\jni.cpp, line 520]
Event: 11.065 Thread 0x000001baeab21850 Exception <a 'sun/nio/fs/WindowsException'{0x0000000707c17ea0}> (0x0000000707c17ea0) 
thrown [s\src\hotspot\share\prims\jni.cpp, line 520]
Event: 11.071 Thread 0x000001baeab21850 Exception <a 'sun/nio/fs/WindowsException'{0x0000000707c2f140}> (0x0000000707c2f140) 
thrown [s\src\hotspot\share\prims\jni.cpp, line 520]
Event: 11.086 Thread 0x000001baeab21850 Exception <a 'sun/nio/fs/WindowsException'{0x0000000707c462d8}> (0x0000000707c462d8) 
thrown [s\src\hotspot\share\prims\jni.cpp, line 520]
Event: 11.086 Thread 0x000001baeab21850 Exception <a 'sun/nio/fs/WindowsException'{0x0000000707c469d8}> (0x0000000707c469d8) 
thrown [s\src\hotspot\share\prims\jni.cpp, line 520]
Event: 11.086 Thread 0x000001baeab21850 Exception <a 'sun/nio/fs/WindowsException'{0x0000000707c46fa8}> (0x0000000707c46fa8) 
thrown [s\src\hotspot\share\prims\jni.cpp, line 520]
Event: 11.086 Thread 0x000001baeab21850 Exception <a 'sun/nio/fs/WindowsException'{0x0000000707c47678}> (0x0000000707c47678) 
thrown [s\src\hotspot\share\prims\jni.cpp, line 520]
Event: 11.086 Thread 0x000001baeab21850 Exception <a 'sun/nio/fs/WindowsException'{0x0000000707c47d30}> (0x0000000707c47d30) 
thrown [s\src\hotspot\share\prims\jni.cpp, line 520]
Event: 11.645 Thread 0x000001bad6e15290 Exception <a 'java/lang/NoSuchMethodError'{0x0000000706b241d0}: 'java.lang.Object java.lang.invoke.DirectMethodHandle$Holder.invokeStatic(java.lang.Object, long, java.lang.Object)'> (0x0000000706b241d0) 
thrown [s\src\hotspot\share\interpreter\linkResolver.cpp, line 773]
Event: 11.645 Thread 0x000001bad6e15290 Exception <a 'java/lang/NoSuchMethodError'{0x0000000706b276e8}: 'java.lang.Object java.lang.invoke.DirectMethodHandle$Holder.invokeStaticInit(java.lang.Object, long, java.lang.Object)'> (0x0000000706b276e8) 
thrown [s\src\hotspot\share\interpreter\linkResolver.cpp, line 773]
Event: 11.646 Thread 0x000001bad6e15290 Exception <a 'java/lang/NoSuchMethodError'{0x0000000706b2cbc8}: 'java.lang.Object java.lang.invoke.DirectMethodHandle$Holder.newInvokeSpecial(java.lang.Object, long)'> (0x0000000706b2cbc8) 
thrown [s\src\hotspot\share\interpreter\linkResolver.cpp, line 773]
Event: 11.650 Thread 0x000001bad6e15290 Exception <a 'java/lang/NoSuchMethodError'{0x0000000706b314e0}: 'long java.lang.invoke.DirectMethodHandle$Holder.invokeInterface(java.lang.Object, java.lang.Object)'> (0x0000000706b314e0) 
thrown [s\src\hotspot\share\interpreter\linkResolver.cpp, line 773]
Event: 11.651 Thread 0x000001bad6e15290 Exception <a 'java/lang/NoSuchMethodError'{0x0000000706b34ce0}: 'long java.lang.invoke.DelegatingMethodHandle$Holder.reinvoke_L(java.lang.Object, java.lang.Object)'> (0x0000000706b34ce0) 
thrown [s\src\hotspot\share\interpreter\linkResolver.cpp, line 773]
Event: 11.737 Thread 0x000001baeab21850 Exception <a 'java/lang/NoSuchMethodError'{0x0000000713443480}: 'java.lang.Object java.lang.invoke.DirectMethodHandle$Holder.invokeStaticInit(java.lang.Object, java.lang.Object, int, int, int, int)'> (0x0000000713443480) 
thrown [s\src\hotspot\share\interpreter\linkResolver.cpp, line 773]
Event: 12.128 Thread 0x000001baeab21850 Exception <a 'java/lang/NoSuchMethodError'{0x000000070aa5b058}: 'void java.lang.invoke.DirectMethodHandle$Holder.invokeStatic(java.lang.Object, long)'> (0x000000070aa5b058) 
thrown [s\src\hotspot\share\interpreter\linkResolver.cpp, line 773]

ZGC Phase Switch (0 events):
No events

VM Operations (20 events):
Event: 11.643 Executing VM operation: HandshakeAllThreads (Deoptimize)
Event: 11.643 Executing VM operation: HandshakeAllThreads (Deoptimize) done
Event: 11.704 Executing VM operation: G1CollectForAllocation (G1 Evacuation Pause)
Event: 11.714 Executing VM operation: G1CollectForAllocation (G1 Evacuation Pause) done
Event: 11.947 Executing VM operation: HandshakeAllThreads (Deoptimize)
Event: 11.947 Executing VM operation: HandshakeAllThreads (Deoptimize) done
Event: 11.949 Executing VM operation: HandshakeAllThreads (Deoptimize)
Event: 11.949 Executing VM operation: HandshakeAllThreads (Deoptimize) done
Event: 12.011 Executing VM operation: HandshakeAllThreads (Deoptimize)
Event: 12.011 Executing VM operation: HandshakeAllThreads (Deoptimize) done
Event: 12.028 Executing VM operation: HandshakeAllThreads (Deoptimize)
Event: 12.029 Executing VM operation: HandshakeAllThreads (Deoptimize) done
Event: 12.067 Executing VM operation: HandshakeAllThreads (Deoptimize)
Event: 12.067 Executing VM operation: HandshakeAllThreads (Deoptimize) done
Event: 12.069 Executing VM operation: HandshakeAllThreads (Deoptimize)
Event: 12.069 Executing VM operation: HandshakeAllThreads (Deoptimize) done
Event: 12.130 Executing VM operation: HandshakeAllThreads (Deoptimize)
Event: 12.130 Executing VM operation: HandshakeAllThreads (Deoptimize) done
Event: 13.139 Executing VM operation: Cleanup
Event: 13.140 Executing VM operation: Cleanup done

Memory protections (0 events):
No events

Nmethod flushes (0 events):
No events

Events (20 events):
Event: 8.345 Thread 0x000001bafb7a1c70 Thread added: 0x000001bad5bcd310
Event: 8.607 Thread 0x000001bad5bcd310 Thread exited: 0x000001bad5bcd310
Event: 9.010 Thread 0x000001bafb7a1c70 Thread added: 0x000001bad599d7f0
Event: 9.026 Thread 0x000001bafb7a1c70 Thread added: 0x000001bad5bcd310
Event: 10.160 Thread 0x000001bad5bcd310 Thread exited: 0x000001bad5bcd310
Event: 10.541 Thread 0x000001bad599d7f0 Thread exited: 0x000001bad599d7f0
Event: 11.054 Thread 0x000001bafb7a1c70 Thread added: 0x000001bad599d7f0
Event: 11.244 Thread 0x000001bad599d7f0 Thread exited: 0x000001bad599d7f0
Event: 11.374 Thread 0x000001bafb7a1c70 Thread added: 0x000001bad599d7f0
Event: 11.574 Thread 0x000001baeab21850 Thread added: 0x000001bad6e15290
Event: 11.653 Thread 0x000001bad6e15290 Thread exited: 0x000001bad6e15290
Event: 11.894 Thread 0x000001baeab21850 Thread added: 0x000001bad490fe70
Event: 11.903 Thread 0x000001baeab21850 Thread added: 0x000001bad5e224d0
Event: 11.937 Thread 0x000001bad599d7f0 Thread exited: 0x000001bad599d7f0
Event: 12.088 Thread 0x000001bafb7a1c70 Thread added: 0x000001bad5db90e0
Event: 12.088 Thread 0x000001bafb7a1c70 Thread added: 0x000001bad5c61d60
Event: 12.105 Thread 0x000001baeab21850 Thread added: 0x000001bad630b9b0
Event: 12.153 Thread 0x000001baeab21850 Thread added: 0x000001bad5c7a480
Event: 12.154 Thread 0x000001baeab21850 Thread added: 0x000001bad42d74e0
Event: 12.164 Thread 0x000001baeab21850 Thread added: 0x000001bad42d5aa0


Dynamic libraries:
0x00007ff680c20000 - 0x00007ff680c2e000 	C:\Users\shres\.jdks\ms-21.0.7\bin\java.exe
0x00007ff89d6e0000 - 0x00007ff89d948000 	C:\WINDOWS\SYSTEM32\ntdll.dll
0x00007ff89c840000 - 0x00007ff89c909000 	C:\WINDOWS\System32\KERNEL32.DLL
0x00007ff89a940000 - 0x00007ff89ad2d000 	C:\WINDOWS\System32\KERNELBASE.dll
0x00007ff89b300000 - 0x00007ff89b44b000 	C:\WINDOWS\System32\ucrtbase.dll
0x00007ff8852b0000 - 0x00007ff8852cd000 	C:\Users\shres\.jdks\ms-21.0.7\bin\VCRUNTIME140.dll
0x00007ff8854a0000 - 0x00007ff8854b8000 	C:\Users\shres\.jdks\ms-21.0.7\bin\jli.dll
0x00007ff89b460000 - 0x00007ff89b62c000 	C:\WINDOWS\System32\USER32.dll
0x00007ff89b090000 - 0x00007ff89b0b7000 	C:\WINDOWS\System32\win32u.dll
0x00007ff880c30000 - 0x00007ff880eca000 	C:\WINDOWS\WinSxS\amd64_microsoft.windows.common-controls_6595b64144ccf1df_6.0.26100.4484_none_3e0e6d4ce32ef3b3\COMCTL32.dll
0x00007ff89c6b0000 - 0x00007ff89c6db000 	C:\WINDOWS\System32\GDI32.dll
0x00007ff89c6e0000 - 0x00007ff89c789000 	C:\WINDOWS\System32\msvcrt.dll
0x00007ff89a800000 - 0x00007ff89a937000 	C:\WINDOWS\System32\gdi32full.dll
0x00007ff89af50000 - 0x00007ff89aff3000 	C:\WINDOWS\System32\msvcp_win.dll
0x00007ff89d4c0000 - 0x00007ff89d4ef000 	C:\WINDOWS\System32\IMM32.DLL
0x00007ff885570000 - 0x00007ff88557c000 	C:\Users\shres\.jdks\ms-21.0.7\bin\vcruntime140_1.dll
0x00007ff866100000 - 0x00007ff86618d000 	C:\Users\shres\.jdks\ms-21.0.7\bin\msvcp140.dll
0x00007ff812c60000 - 0x00007ff8139f8000 	C:\Users\shres\.jdks\ms-21.0.7\bin\server\jvm.dll
0x00007ff89c960000 - 0x00007ff89ca14000 	C:\WINDOWS\System32\ADVAPI32.dll
0x00007ff89c790000 - 0x00007ff89c836000 	C:\WINDOWS\System32\sechost.dll
0x00007ff89d3a0000 - 0x00007ff89d4b8000 	C:\WINDOWS\System32\RPCRT4.dll
0x00007ff89ca20000 - 0x00007ff89ca94000 	C:\WINDOWS\System32\WS2_32.dll
0x00007ff89a650000 - 0x00007ff89a6ae000 	C:\WINDOWS\SYSTEM32\POWRPROF.dll
0x00007ff88e630000 - 0x00007ff88e63b000 	C:\WINDOWS\SYSTEM32\VERSION.dll
0x00007ff880ed0000 - 0x00007ff880f05000 	C:\WINDOWS\SYSTEM32\WINMM.dll
0x00007ff89a630000 - 0x00007ff89a644000 	C:\WINDOWS\SYSTEM32\UMPDC.dll
0x00007ff899560000 - 0x00007ff89957b000 	C:\WINDOWS\SYSTEM32\kernel.appcore.dll
0x00007ff885540000 - 0x00007ff88554a000 	C:\Users\shres\.jdks\ms-21.0.7\bin\jimage.dll
0x00007ff894e50000 - 0x00007ff895091000 	C:\WINDOWS\SYSTEM32\DBGHELP.DLL
0x00007ff89be20000 - 0x00007ff89c1a6000 	C:\WINDOWS\System32\combase.dll
0x00007ff89ced0000 - 0x00007ff89cfb0000 	C:\WINDOWS\System32\OLEAUT32.dll
0x00007ff86e290000 - 0x00007ff86e2d3000 	C:\WINDOWS\SYSTEM32\dbgcore.DLL
0x00007ff89aeb0000 - 0x00007ff89af49000 	C:\WINDOWS\System32\bcryptPrimitives.dll
0x00007ff877240000 - 0x00007ff87724f000 	C:\Users\shres\.jdks\ms-21.0.7\bin\instrument.dll
0x00007ff884090000 - 0x00007ff8840b0000 	C:\Users\shres\.jdks\ms-21.0.7\bin\java.dll
0x00007ff89b6b0000 - 0x00007ff89bdfa000 	C:\WINDOWS\System32\SHELL32.dll
0x00007ff89b0c0000 - 0x00007ff89b234000 	C:\WINDOWS\System32\wintypes.dll
0x00007ff898400000 - 0x00007ff898c5b000 	C:\WINDOWS\SYSTEM32\windows.storage.dll
0x00007ff89cd10000 - 0x00007ff89ce05000 	C:\WINDOWS\System32\SHCORE.dll
0x00007ff89d600000 - 0x00007ff89d66a000 	C:\WINDOWS\System32\shlwapi.dll
0x00007ff89a710000 - 0x00007ff89a73f000 	C:\WINDOWS\SYSTEM32\profapi.dll
0x00007ff8520f0000 - 0x00007ff8521c6000 	C:\Users\shres\.jdks\ms-21.0.7\bin\jsvml.dll
0x00007ff880c10000 - 0x00007ff880c28000 	C:\Users\shres\.jdks\ms-21.0.7\bin\zip.dll
0x00007ff8840c0000 - 0x00007ff8840d0000 	C:\Users\shres\.jdks\ms-21.0.7\bin\net.dll
0x00007ff891070000 - 0x00007ff89118e000 	C:\WINDOWS\SYSTEM32\WINHTTP.dll
0x00007ff899ad0000 - 0x00007ff899b3a000 	C:\WINDOWS\system32\mswsock.dll
0x00007ff881e10000 - 0x00007ff881e26000 	C:\Users\shres\.jdks\ms-21.0.7\bin\nio.dll
0x00007ff8660e0000 - 0x00007ff8660fa000 	C:\Program Files\JetBrains\IntelliJ IDEA 2024.2.3\bin\breakgen64.dll
0x00007ff883a90000 - 0x00007ff883a99000 	C:\Users\shres\.jdks\ms-21.0.7\bin\extnet.dll
0x00007ff864ce0000 - 0x00007ff864d04000 	C:\Users\shres\AppData\Local\Temp\jansi-2.4.2-db282e25b3b65111-jansi.dll
0x00007ff8772f0000 - 0x00007ff877300000 	C:\Users\shres\.jdks\ms-21.0.7\bin\verify.dll
0x00007ff899eb0000 - 0x00007ff899ecb000 	C:\WINDOWS\SYSTEM32\CRYPTSP.dll
0x00007ff8994c0000 - 0x00007ff8994fb000 	C:\WINDOWS\system32\rsaenh.dll
0x00007ff899b70000 - 0x00007ff899b9b000 	C:\WINDOWS\SYSTEM32\USERENV.dll
0x00007ff89a6e0000 - 0x00007ff89a706000 	C:\WINDOWS\SYSTEM32\bcrypt.dll
0x00007ff899d10000 - 0x00007ff899d1c000 	C:\WINDOWS\SYSTEM32\CRYPTBASE.dll
0x00007ff899020000 - 0x00007ff899053000 	C:\WINDOWS\SYSTEM32\IPHLPAPI.DLL
0x00007ff89c6a0000 - 0x00007ff89c6aa000 	C:\WINDOWS\System32\NSI.dll

dbghelp: loaded successfully - version: 4.0.5 - missing functions: none
symbol engine: initialized successfully - sym options: 0x614 - pdb path: .;C:\Users\shres\.jdks\ms-21.0.7\bin;C:\WINDOWS\SYSTEM32;C:\WINDOWS\WinSxS\amd64_microsoft.windows.common-controls_6595b64144ccf1df_6.0.26100.4484_none_3e0e6d4ce32ef3b3;C:\Users\shres\.jdks\ms-21.0.7\bin\server;C:\Program Files\JetBrains\IntelliJ IDEA 2024.2.3\bin;C:\Users\shres\AppData\Local\Temp

VM Arguments:
jvm_args: -Dmaven.multiModuleProjectDirectory=D:\astra\firstJava -Djansi.passthrough=true -Dmaven.home=C:\Users\shres\.m2\wrapper\dists\apache-maven-3.9.10-bin\53h08a94dg6djh6umvruv7q564\apache-maven-3.9.10 -Dclassworlds.conf=C:\Users\shres\.m2\wrapper\dists\apache-maven-3.9.10-bin\53h08a94dg6djh6umvruv7q564\apache-maven-3.9.10\bin\m2.conf -Dmaven.ext.class.path=C:\Program Files\JetBrains\IntelliJ IDEA 2024.2.3\plugins\maven\lib\maven-event-listener.jar -javaagent:C:\Program Files\JetBrains\IntelliJ IDEA 2024.2.3\lib\idea_rt.jar=63910:C:\Program Files\JetBrains\IntelliJ IDEA 2024.2.3\bin -Dfile.encoding=UTF-8 -Dsun.stdout.encoding=UTF-8 -Dsun.stderr.encoding=UTF-8 
java_command: org.codehaus.classworlds.Launcher -Didea.version=2024.2.3 clean package install
java_class_path (initial): C:\Users\shres\.m2\wrapper\dists\apache-maven-3.9.10-bin\53h08a94dg6djh6umvruv7q564\apache-maven-3.9.10\boot\plexus-classworlds-2.9.0.jar;C:\Users\shres\.m2\wrapper\dists\apache-maven-3.9.10-bin\53h08a94dg6djh6umvruv7q564\apache-maven-3.9.10\boot\plexus-classworlds.license
Launcher Type: SUN_STANDARD

[Global flags]
     intx CICompilerCount                          = 4                                         {product} {ergonomic}
     uint ConcGCThreads                            = 2                                         {product} {ergonomic}
     uint G1ConcRefinementThreads                  = 8                                         {product} {ergonomic}
   size_t G1HeapRegionSize                         = 2097152                                   {product} {ergonomic}
    uintx GCDrainStackTargetSize                   = 64                                        {product} {ergonomic}
   size_t InitialHeapSize                          = 266338304                                 {product} {ergonomic}
   size_t MarkStackSize                            = 4194304                                   {product} {ergonomic}
   size_t MaxHeapSize                              = 4236247040                                {product} {ergonomic}
   size_t MaxNewSize                               = 2541748224                                {product} {ergonomic}
   size_t MinHeapDeltaBytes                        = 2097152                                   {product} {ergonomic}
   size_t MinHeapSize                              = 8388608                                   {product} {ergonomic}
    uintx NonNMethodCodeHeapSize                   = 5839372                                {pd product} {ergonomic}
    uintx NonProfiledCodeHeapSize                  = 122909434                              {pd product} {ergonomic}
    uintx ProfiledCodeHeapSize                     = 122909434                              {pd product} {ergonomic}
    uintx ReservedCodeCacheSize                    = 251658240                              {pd product} {ergonomic}
     bool SegmentedCodeCache                       = true                                      {product} {ergonomic}
   size_t SoftMaxHeapSize                          = 4236247040                             {manageable} {ergonomic}
     bool UseCompressedOops                        = true                           {product lp64_product} {ergonomic}
     bool UseG1GC                                  = true                                      {product} {ergonomic}
     bool UseLargePagesIndividualAllocation        = false                                  {pd product} {ergonomic}

Logging:
Log output configuration:
 #0: stdout all=warning uptime,level,tags foldmultilines=false
 #1: stderr all=off uptime,level,tags foldmultilines=false

Environment Variables:
PATH=C:\Program Files\Common Files\Oracle\Java\javapath;C:\Users\shres\AppData\Local\Microsoft\WindowsApps;C:\Users\shres\AppData\Local\Programs\Microsoft VS Code\bin;C:\Users\shres\AppData\Roaming\npm;C:\Program Files\nodejs;C:\Program Files\MongoDB\Server\5.0\bin;C:\flutter\bin;C:\xampp\php;C:\ProgramData\ComposerSetup\bin;C:\Program Files (x86)\dotnet\;C:\Program Files\dotnet\;C:\WINDOWS\system32;C:\WINDOWS;C:\WINDOWS\System32\Wbem;C:\WINDOWS\System32\WindowsPowerShell\v1.0\;C:\WINDOWS\System32\OpenSSH\;C:\Program Files\Git\cmd;C:\Program Files\nodejs\;C:\Program Files\Docker\Docker\resources\bin;C:\Users\shres\AppData\Local\Microsoft\WindowsApps;C:\Users\shres\AppData\Local\Programs\Microsoft VS Code\bin;C:\Program Files\nodejs;C:\Program Files\MongoDB\Server\5.0\bin;C:\Program Files\Git\cmd;C:\Users\shres\AppData\Roaming\Composer\vendor\bin;C:\Program Files\mongosh-1.5.4-win32-x64\mongosh-1.5.4-win32-x64\bin;C:\Users\shres\AppData\Roaming\npm;
USERNAME=shres
OS=Windows_NT
PROCESSOR_IDENTIFIER=Intel64 Family 6 Model 126 Stepping 5, GenuineIntel
TMP=C:\Users\shres\AppData\Local\Temp
TEMP=C:\Users\shres\AppData\Local\Temp




Periodic native trim disabled

---------------  S Y S T E M  ---------------

OS:
 Windows 11 , 64 bit Build 26100 (10.0.26100.4484)
OS uptime: 3 days 18:52 hours
Hyper-V role detected

CPU: total 8 (initial active 8) (4 cores per cpu, 2 threads per core) family 6 model 126 stepping 5 microcode 0xa6, cx8, cmov, fxsr, ht, mmx, 3dnowpref, sse, sse2, sse3, ssse3, sse4.1, sse4.2, popcnt, lzcnt, tsc, tscinvbit, avx, avx2, aes, erms, clmul, bmi1, bmi2, adx, avx512f, avx512dq, avx512cd, avx512bw, avx512vl, sha, fma, vzeroupper, avx512_vpopcntdq, avx512_vpclmulqdq, avx512_vaes, avx512_vnni, clflush, clflushopt, avx512_vbmi2, avx512_vbmi, hv, rdtscp, rdpid, fsrm, gfni, avx512_bitalg, f16c, avx512_ifma
Processor Information for the first 8 processors :
  Max Mhz: 1498, Current Mhz: 1298, Mhz Limit: 1288

Memory: 4k page, system-wide physical 16152M (1029M free)
TotalPageFile size 31642M (AvailPageFile size 0M)
current process WorkingSet (physical memory assigned to process): 492M, peak: 492M
current process commit charge ("private bytes"): 529M, peak: 529M

vm_info: OpenJDK 64-Bit Server VM (21.0.7+6-LTS) for windows-amd64 JRE (21.0.7+6-LTS), built on 2025-04-09T22:17:25Z by "MicrosoftCorporation" with unknown MS VC++:1939

END.
